#-----------------------------------------------------------
# Webtalk v2017.4 (64-bit)
# SW Build 2086221 on Fri Dec 15 20:55:39 MST 2017
# 
# Start of session at: Thu Jan  9 11:40:08 2020
# Process ID: 7464
# Current directory: C:/Levi_Dok/Egyetem/Mesteri/I_EV/I_FELEV/BeagyazottRendszerek/SmartWateringSystem_IPintegrated/SmartWateringSystem_IPintegrated.sdk/webtalk
# Command line: wbtcv.exe -mode batch -source sdk_webtalk.tcl
# Log file: C:/Levi_Dok/Egyetem/Mesteri/I_EV/I_FELEV/BeagyazottRendszerek/SmartWateringSystem_IPintegrated/SmartWateringSystem_IPintegrated.sdk/webtalk/webtalk.log
# Journal file: C:/Levi_Dok/Egyetem/Mesteri/I_EV/I_FELEV/BeagyazottRendszerek/SmartWateringSystem_IPintegrated/SmartWateringSystem_IPintegrated.sdk/webtalk\webtalk.jou
#-----------------------------------------------------------
source sdk_webtalk.tcl
# webtalk_init -webtalk_dir C:\\Levi_Dok\\Egyetem\\Mesteri\\I_EV\\I_FELEV\\BeagyazottRendszerek\\SmartWateringSystem_IPintegrated\\SmartWateringSystem_IPintegrated.sdk\\webtalk
# webtalk_register_client -client project
# webtalk_add_data -client project -key date_generated -value "2020-01-09 11:40:02" -context "software_version_and_target_device"
# webtalk_add_data -client project -key product_version -value "SDK v2017.4" -context "software_version_and_target_device"
# webtalk_add_data -client project -key build_version -value "2017.4" -context "software_version_and_target_device"
# webtalk_add_data -client project -key os_platform -value "amd64" -context "software_version_and_target_device"
# webtalk_add_data -client project -key registration_id -value "176860571_203016847_210573437_600" -context "software_version_and_target_device"
# webtalk_add_data -client project -key tool_flow -value "SDK" -context "software_version_and_target_device"
# webtalk_add_data -client project -key beta -value "false" -context "software_version_and_target_device"
# webtalk_add_data -client project -key route_design -value "NA" -context "software_version_and_target_device"
# webtalk_add_data -client project -key target_family -value "NA" -context "software_version_and_target_device"
# webtalk_add_data -client project -key target_device -value "NA" -context "software_version_and_target_device"
# webtalk_add_data -client project -key target_package -value "NA" -context "software_version_and_target_device"
# webtalk_add_data -client project -key target_speed -value "NA" -context "software_version_and_target_device"
# webtalk_add_data -client project -key random_id -value "fjp3viidg7ck8rq4fmjc3qflak" -context "software_version_and_target_device"
# webtalk_add_data -client project -key project_id -value "2017.4_1" -context "software_version_and_target_device"
# webtalk_add_data -client project -key project_iteration -value "1" -context "software_version_and_target_device"
# webtalk_add_data -client project -key os_name -value "Microsoft Windows 8 or later , 64-bit" -context "user_environment"
# webtalk_add_data -client project -key os_release -value "major release  (build 9200)" -context "user_environment"
# webtalk_add_data -client project -key cpu_name -value "Intel(R) Core(TM) i7-5500U CPU @ 2.40GHz" -context "user_environment"
# webtalk_add_data -client project -key cpu_speed -value "2394 MHz" -context "user_environment"
# webtalk_add_data -client project -key total_processors -value "1" -context "user_environment"
# webtalk_add_data -client project -key system_ram -value "17.090 GB" -context "user_environment"
# webtalk_register_client -client sdk
# webtalk_add_data -client sdk -key uid -value "1578520890237" -context "sdk\\\\hardware/1578520890237"
# webtalk_add_data -client sdk -key isZynq -value "true" -context "sdk\\\\hardware/1578520890237"
# webtalk_add_data -client sdk -key isZynqMP -value "false" -context "sdk\\\\hardware/1578520890237"
# webtalk_add_data -client sdk -key Processors -value "2" -context "sdk\\\\hardware/1578520890237"
# webtalk_add_data -client sdk -key VivadoVersion -value "2017.4" -context "sdk\\\\hardware/1578520890237"
# webtalk_add_data -client sdk -key Arch -value "zynq" -context "sdk\\\\hardware/1578520890237"
# webtalk_add_data -client sdk -key Device -value "7z010" -context "sdk\\\\hardware/1578520890237"
# webtalk_add_data -client sdk -key IsHandoff -value "true" -context "sdk\\\\hardware/1578520890237"
# webtalk_add_data -client sdk -key os -value "NA" -context "sdk\\\\hardware/1578520890237"
# webtalk_add_data -client sdk -key apptemplate -value "NA" -context "sdk\\\\hardware/1578520890237"
# webtalk_add_data -client sdk -key RecordType -value "HWCreation" -context "sdk\\\\hardware/1578520890237"
# webtalk_add_data -client sdk -key uid -value "1578521844748" -context "sdk\\\\bsp/1578521844748"
# webtalk_add_data -client sdk -key hwid -value "1578520890237" -context "sdk\\\\bsp/1578521844748"
# webtalk_add_data -client sdk -key os -value "standalone" -context "sdk\\\\bsp/1578521844748"
# webtalk_add_data -client sdk -key apptemplate -value "empty_application" -context "sdk\\\\bsp/1578521844748"
# webtalk_add_data -client sdk -key RecordType -value "BSPCreation" -context "sdk\\\\bsp/1578521844748"
# webtalk_add_data -client sdk -key uid -value "1578521858092" -context "sdk\\\\application/1578521858092"
# webtalk_add_data -client sdk -key hwid -value "1578520890237" -context "sdk\\\\application/1578521858092"
# webtalk_add_data -client sdk -key bspid -value "1578521844748" -context "sdk\\\\application/1578521858092"
# webtalk_add_data -client sdk -key newbsp -value "true" -context "sdk\\\\application/1578521858092"
# webtalk_add_data -client sdk -key os -value "standalone" -context "sdk\\\\application/1578521858092"
# webtalk_add_data -client sdk -key apptemplate -value "empty_application" -context "sdk\\\\application/1578521858092"
# webtalk_add_data -client sdk -key RecordType -value "APPCreation" -context "sdk\\\\application/1578521858092"
# webtalk_add_data -client sdk -key LangUsed -value "C" -context "sdk\\\\application/1578521858092"
# webtalk_add_data -client sdk -key Procused -value "ps7_cortexa9" -context "sdk\\\\application/1578521858092"
# webtalk_add_data -client sdk -key projSize -value "166.4921875" -context "sdk\\\\application/1578521858092"
# webtalk_add_data -client sdk -key uid -value "NA" -context "sdk\\\\bsp/1578562802153"
# webtalk_add_data -client sdk -key RecordType -value "ToolUsage" -context "sdk\\\\bsp/1578562802153"
# webtalk_add_data -client sdk -key BootgenCount -value "0" -context "sdk\\\\bsp/1578562802153"
# webtalk_add_data -client sdk -key DebugCount -value "9" -context "sdk\\\\bsp/1578562802153"
# webtalk_add_data -client sdk -key PerfCount -value "0" -context "sdk\\\\bsp/1578562802153"
# webtalk_add_data -client sdk -key FlashCount -value "0" -context "sdk\\\\bsp/1578562802153"
# webtalk_add_data -client sdk -key CrossTriggCount -value "0" -context "sdk\\\\bsp/1578562802153"
# webtalk_add_data -client sdk -key QemuDebugCount -value "0" -context "sdk\\\\bsp/1578562802153"
# webtalk_transmit -clientid 4085736236 -regid "176860571_203016847_210573437_600" -xml C:\\Levi_Dok\\Egyetem\\Mesteri\\I_EV\\I_FELEV\\BeagyazottRendszerek\\SmartWateringSystem_IPintegrated\\SmartWateringSystem_IPintegrated.sdk\\webtalk\\usage_statistics_ext_sdk.xml -html C:\\Levi_Dok\\Egyetem\\Mesteri\\I_EV\\I_FELEV\\BeagyazottRendszerek\\SmartWateringSystem_IPintegrated\\SmartWateringSystem_IPintegrated.sdk\\webtalk\\usage_statistics_ext_sdk.html -wdm C:\\Levi_Dok\\Egyetem\\Mesteri\\I_EV\\I_FELEV\\BeagyazottRendszerek\\SmartWateringSystem_IPintegrated\\SmartWateringSystem_IPintegrated.sdk\\webtalk\\sdk_webtalk.wdm -intro "<H3>SDK Usage Report</H3><BR>"
# webtalk_terminate
INFO: [Common 17-206] Exiting Webtalk at Thu Jan  9 11:40:17 2020...
