00:01:03 INFO  : Registering command handlers for SDK TCF services
00:01:05 INFO  : Launching XSCT server: xsct.bat -interactive C:\Levi_Dok\Egyetem\Mesteri\I_EV\I_FELEV\BeagyazottRendszerek\SmartWateringSystem_IPintegrated\SmartWateringSystem_IPintegrated.sdk\temp_xsdb_launch_script.tcl
00:01:12 INFO  : XSCT server has started successfully.
00:01:20 INFO  : Successfully done setting XSCT server connection channel  
00:01:20 INFO  : Successfully done setting SDK workspace  
00:01:20 INFO  : Processing command line option -hwspec C:/Levi_Dok/Egyetem/Mesteri/I_EV/I_FELEV/BeagyazottRendszerek/SmartWateringSystem_IPintegrated/SmartWateringSystem_IPintegrated.sdk/design_1_wrapper.hdf.
11:24:38 INFO  : Connected to target on host '127.0.0.1' and port '3121'.
11:24:40 INFO  : Connected to target on host '127.0.0.1' and port '3121'.
11:24:40 INFO  : 'targets -set -filter {jtag_cable_name =~ "Digilent Zybo 210279787621A" && level==0} -index 1' command is executed.
11:24:42 INFO  : FPGA configured successfully with bitstream "C:/Levi_Dok/Egyetem/Mesteri/I_EV/I_FELEV/BeagyazottRendszerek/SmartWateringSystem_IPintegrated/SmartWateringSystem_IPintegrated.sdk/design_1_wrapper_hw_platform_0/design_1_wrapper.bit"
11:28:25 INFO  : Connected to target on host '127.0.0.1' and port '3121'.
11:28:25 INFO  : 'targets -set -filter {jtag_cable_name =~ "Digilent Zybo 210279787621A" && level==0} -index 1' command is executed.
11:28:27 INFO  : FPGA configured successfully with bitstream "C:/Levi_Dok/Egyetem/Mesteri/I_EV/I_FELEV/BeagyazottRendszerek/SmartWateringSystem_IPintegrated/SmartWateringSystem_IPintegrated.sdk/design_1_wrapper_hw_platform_0/design_1_wrapper.bit"
11:28:53 INFO  : 'targets -set -filter {jtag_cable_name =~ "Digilent Zybo 210279787621A" && level==0} -index 1' command is executed.
11:28:53 INFO  : 'fpga -state' command is executed.
11:28:53 INFO  : Connected to target on host '127.0.0.1' and port '3121'.
11:28:54 INFO  : Jtag cable 'Digilent Zybo 210279787621A' is selected.
11:28:54 INFO  : 'jtag frequency' command is executed.
11:28:54 INFO  : Sourcing of 'C:/Levi_Dok/Egyetem/Mesteri/I_EV/I_FELEV/BeagyazottRendszerek/SmartWateringSystem_IPintegrated/SmartWateringSystem_IPintegrated.sdk/design_1_wrapper_hw_platform_0/ps7_init.tcl' is done.
11:28:54 INFO  : Context for 'APU' is selected.
11:28:54 INFO  : Hardware design information is loaded from 'C:/Levi_Dok/Egyetem/Mesteri/I_EV/I_FELEV/BeagyazottRendszerek/SmartWateringSystem_IPintegrated/SmartWateringSystem_IPintegrated.sdk/design_1_wrapper_hw_platform_0/system.hdf'.
11:28:54 INFO  : 'configparams force-mem-access 1' command is executed.
11:28:54 INFO  : Context for 'APU' is selected.
11:28:54 INFO  : 'stop' command is executed.
11:28:54 INFO  : 'ps7_init' command is executed.
11:28:54 INFO  : 'ps7_post_config' command is executed.
11:28:54 INFO  : Context for processor 'ps7_cortexa9_0' is selected.
11:28:54 INFO  : Processor reset is completed for 'ps7_cortexa9_0'.
11:28:54 INFO  : Context for processor 'ps7_cortexa9_0' is selected.
11:28:55 INFO  : The application 'C:/Levi_Dok/Egyetem/Mesteri/I_EV/I_FELEV/BeagyazottRendszerek/SmartWateringSystem_IPintegrated/SmartWateringSystem_IPintegrated.sdk/SmartWateringSystemSoftware/Debug/SmartWateringSystemSoftware.elf' is downloaded to processor 'ps7_cortexa9_0'.
11:28:55 INFO  : 'configparams force-mem-access 0' command is executed.
11:28:55 INFO  : ----------------XSDB Script----------------
connect -url tcp:127.0.0.1:3121
source C:/Levi_Dok/Egyetem/Mesteri/I_EV/I_FELEV/BeagyazottRendszerek/SmartWateringSystem_IPintegrated/SmartWateringSystem_IPintegrated.sdk/design_1_wrapper_hw_platform_0/ps7_init.tcl
targets -set -nocase -filter {name =~"APU*" && jtag_cable_name =~ "Digilent Zybo 210279787621A"} -index 0
loadhw -hw C:/Levi_Dok/Egyetem/Mesteri/I_EV/I_FELEV/BeagyazottRendszerek/SmartWateringSystem_IPintegrated/SmartWateringSystem_IPintegrated.sdk/design_1_wrapper_hw_platform_0/system.hdf -mem-ranges [list {0x40000000 0xbfffffff}]
configparams force-mem-access 1
targets -set -nocase -filter {name =~"APU*" && jtag_cable_name =~ "Digilent Zybo 210279787621A"} -index 0
stop
ps7_init
ps7_post_config
targets -set -nocase -filter {name =~ "ARM*#0" && jtag_cable_name =~ "Digilent Zybo 210279787621A"} -index 0
rst -processor
targets -set -nocase -filter {name =~ "ARM*#0" && jtag_cable_name =~ "Digilent Zybo 210279787621A"} -index 0
dow C:/Levi_Dok/Egyetem/Mesteri/I_EV/I_FELEV/BeagyazottRendszerek/SmartWateringSystem_IPintegrated/SmartWateringSystem_IPintegrated.sdk/SmartWateringSystemSoftware/Debug/SmartWateringSystemSoftware.elf
configparams force-mem-access 0
----------------End of Script----------------

11:28:55 INFO  : Memory regions updated for context APU
11:28:55 INFO  : Context for processor 'ps7_cortexa9_0' is selected.
11:28:55 INFO  : 'con' command is executed.
11:28:55 INFO  : ----------------XSDB Script (After Launch)----------------
targets -set -nocase -filter {name =~ "ARM*#0" && jtag_cable_name =~ "Digilent Zybo 210279787621A"} -index 0
con
----------------End of Script----------------

11:28:55 INFO  : Launch script is exported to file 'C:\Levi_Dok\Egyetem\Mesteri\I_EV\I_FELEV\BeagyazottRendszerek\SmartWateringSystem_IPintegrated\SmartWateringSystem_IPintegrated.sdk\.sdk\launch_scripts\xilinx_c-c++_application_(system_debugger)\system_debugger_using_debug_smartwateringsystemsoftware.elf_on_local.tcl'
11:31:39 INFO  : Disconnected from the channel tcfchan#1.
11:31:41 INFO  : 'targets -set -filter {jtag_cable_name =~ "Digilent Zybo 210279787621A" && level==0} -index 1' command is executed.
11:31:41 ERROR : No supported FPGA device found
11:32:32 INFO  : Connected to target on host '127.0.0.1' and port '3121'.
11:32:37 INFO  : Connected to target on host '127.0.0.1' and port '3121'.
11:32:38 INFO  : 'targets -set -filter {jtag_cable_name =~ "Digilent Zybo 210279787621A" && level==0} -index 1' command is executed.
11:32:39 INFO  : FPGA configured successfully with bitstream "C:/Levi_Dok/Egyetem/Mesteri/I_EV/I_FELEV/BeagyazottRendszerek/SmartWateringSystem_IPintegrated/SmartWateringSystem_IPintegrated.sdk/design_1_wrapper_hw_platform_0/design_1_wrapper.bit"
11:32:46 INFO  : 'targets -set -filter {jtag_cable_name =~ "Digilent Zybo 210279787621A" && level==0} -index 1' command is executed.
11:32:46 INFO  : 'fpga -state' command is executed.
11:32:46 INFO  : Connected to target on host '127.0.0.1' and port '3121'.
11:32:47 INFO  : Jtag cable 'Digilent Zybo 210279787621A' is selected.
11:32:47 INFO  : 'jtag frequency' command is executed.
11:32:47 INFO  : Sourcing of 'C:/Levi_Dok/Egyetem/Mesteri/I_EV/I_FELEV/BeagyazottRendszerek/SmartWateringSystem_IPintegrated/SmartWateringSystem_IPintegrated.sdk/design_1_wrapper_hw_platform_0/ps7_init.tcl' is done.
11:32:47 INFO  : Context for 'APU' is selected.
11:32:47 INFO  : Hardware design information is loaded from 'C:/Levi_Dok/Egyetem/Mesteri/I_EV/I_FELEV/BeagyazottRendszerek/SmartWateringSystem_IPintegrated/SmartWateringSystem_IPintegrated.sdk/design_1_wrapper_hw_platform_0/system.hdf'.
11:32:47 INFO  : 'configparams force-mem-access 1' command is executed.
11:32:47 INFO  : Context for 'APU' is selected.
11:32:47 INFO  : 'stop' command is executed.
11:32:48 INFO  : 'ps7_init' command is executed.
11:32:48 INFO  : 'ps7_post_config' command is executed.
11:32:48 INFO  : Context for processor 'ps7_cortexa9_0' is selected.
11:32:48 INFO  : Processor reset is completed for 'ps7_cortexa9_0'.
11:32:48 INFO  : Context for processor 'ps7_cortexa9_0' is selected.
11:32:48 INFO  : The application 'C:/Levi_Dok/Egyetem/Mesteri/I_EV/I_FELEV/BeagyazottRendszerek/SmartWateringSystem_IPintegrated/SmartWateringSystem_IPintegrated.sdk/SmartWateringSystemSoftware/Debug/SmartWateringSystemSoftware.elf' is downloaded to processor 'ps7_cortexa9_0'.
11:32:48 INFO  : 'configparams force-mem-access 0' command is executed.
11:32:48 INFO  : ----------------XSDB Script----------------
connect -url tcp:127.0.0.1:3121
source C:/Levi_Dok/Egyetem/Mesteri/I_EV/I_FELEV/BeagyazottRendszerek/SmartWateringSystem_IPintegrated/SmartWateringSystem_IPintegrated.sdk/design_1_wrapper_hw_platform_0/ps7_init.tcl
targets -set -nocase -filter {name =~"APU*" && jtag_cable_name =~ "Digilent Zybo 210279787621A"} -index 0
loadhw -hw C:/Levi_Dok/Egyetem/Mesteri/I_EV/I_FELEV/BeagyazottRendszerek/SmartWateringSystem_IPintegrated/SmartWateringSystem_IPintegrated.sdk/design_1_wrapper_hw_platform_0/system.hdf -mem-ranges [list {0x40000000 0xbfffffff}]
configparams force-mem-access 1
targets -set -nocase -filter {name =~"APU*" && jtag_cable_name =~ "Digilent Zybo 210279787621A"} -index 0
stop
ps7_init
ps7_post_config
targets -set -nocase -filter {name =~ "ARM*#0" && jtag_cable_name =~ "Digilent Zybo 210279787621A"} -index 0
rst -processor
targets -set -nocase -filter {name =~ "ARM*#0" && jtag_cable_name =~ "Digilent Zybo 210279787621A"} -index 0
dow C:/Levi_Dok/Egyetem/Mesteri/I_EV/I_FELEV/BeagyazottRendszerek/SmartWateringSystem_IPintegrated/SmartWateringSystem_IPintegrated.sdk/SmartWateringSystemSoftware/Debug/SmartWateringSystemSoftware.elf
configparams force-mem-access 0
----------------End of Script----------------

11:32:48 INFO  : Memory regions updated for context APU
11:32:48 INFO  : Context for processor 'ps7_cortexa9_0' is selected.
11:32:48 INFO  : 'con' command is executed.
11:32:48 INFO  : ----------------XSDB Script (After Launch)----------------
targets -set -nocase -filter {name =~ "ARM*#0" && jtag_cable_name =~ "Digilent Zybo 210279787621A"} -index 0
con
----------------End of Script----------------

11:32:48 INFO  : Launch script is exported to file 'C:\Levi_Dok\Egyetem\Mesteri\I_EV\I_FELEV\BeagyazottRendszerek\SmartWateringSystem_IPintegrated\SmartWateringSystem_IPintegrated.sdk\.sdk\launch_scripts\xilinx_c-c++_application_(system_debugger)\system_debugger_using_debug_smartwateringsystemsoftware.elf_on_local.tcl'
11:33:10 INFO  : Disconnected from the channel tcfchan#2.
11:33:11 INFO  : 'targets -set -filter {jtag_cable_name =~ "Digilent Zybo 210279787621A" && level==0} -index 1' command is executed.
11:33:11 INFO  : 'fpga -state' command is executed.
11:33:11 INFO  : Connected to target on host '127.0.0.1' and port '3121'.
11:33:11 INFO  : Jtag cable 'Digilent Zybo 210279787621A' is selected.
11:33:11 INFO  : 'jtag frequency' command is executed.
11:33:11 INFO  : Sourcing of 'C:/Levi_Dok/Egyetem/Mesteri/I_EV/I_FELEV/BeagyazottRendszerek/SmartWateringSystem_IPintegrated/SmartWateringSystem_IPintegrated.sdk/design_1_wrapper_hw_platform_0/ps7_init.tcl' is done.
11:33:11 INFO  : Context for 'APU' is selected.
11:33:14 INFO  : Hardware design information is loaded from 'C:/Levi_Dok/Egyetem/Mesteri/I_EV/I_FELEV/BeagyazottRendszerek/SmartWateringSystem_IPintegrated/SmartWateringSystem_IPintegrated.sdk/design_1_wrapper_hw_platform_0/system.hdf'.
11:33:14 INFO  : 'configparams force-mem-access 1' command is executed.
11:33:14 INFO  : Context for 'APU' is selected.
11:33:15 INFO  : 'stop' command is executed.
11:33:15 ERROR : AP transaction error, DAP status f0000021
11:33:15 INFO  : ----------------XSDB Script----------------
connect -url tcp:127.0.0.1:3121
source C:/Levi_Dok/Egyetem/Mesteri/I_EV/I_FELEV/BeagyazottRendszerek/SmartWateringSystem_IPintegrated/SmartWateringSystem_IPintegrated.sdk/design_1_wrapper_hw_platform_0/ps7_init.tcl
targets -set -nocase -filter {name =~"APU*" && jtag_cable_name =~ "Digilent Zybo 210279787621A"} -index 0
loadhw -hw C:/Levi_Dok/Egyetem/Mesteri/I_EV/I_FELEV/BeagyazottRendszerek/SmartWateringSystem_IPintegrated/SmartWateringSystem_IPintegrated.sdk/design_1_wrapper_hw_platform_0/system.hdf -mem-ranges [list {0x40000000 0xbfffffff}]
configparams force-mem-access 1
targets -set -nocase -filter {name =~"APU*" && jtag_cable_name =~ "Digilent Zybo 210279787621A"} -index 0
stop
ps7_init
----------------End of Script----------------

11:33:48 INFO  : Connected to target on host '127.0.0.1' and port '3121'.
11:33:48 INFO  : 'targets -set -filter {jtag_cable_name =~ "Digilent Zybo 210279787621A" && level==0} -index 1' command is executed.
11:33:49 INFO  : FPGA configured successfully with bitstream "C:/Levi_Dok/Egyetem/Mesteri/I_EV/I_FELEV/BeagyazottRendszerek/SmartWateringSystem_IPintegrated/SmartWateringSystem_IPintegrated.sdk/design_1_wrapper_hw_platform_0/design_1_wrapper.bit"
11:34:04 INFO  : 'targets -set -filter {jtag_cable_name =~ "Digilent Zybo 210279787621A" && level==0} -index 1' command is executed.
11:34:04 INFO  : 'fpga -state' command is executed.
11:34:04 INFO  : Connected to target on host '127.0.0.1' and port '3121'.
11:34:05 INFO  : Jtag cable 'Digilent Zybo 210279787621A' is selected.
11:34:05 INFO  : 'jtag frequency' command is executed.
11:34:05 INFO  : Sourcing of 'C:/Levi_Dok/Egyetem/Mesteri/I_EV/I_FELEV/BeagyazottRendszerek/SmartWateringSystem_IPintegrated/SmartWateringSystem_IPintegrated.sdk/design_1_wrapper_hw_platform_0/ps7_init.tcl' is done.
11:34:05 INFO  : Context for 'APU' is selected.
11:34:05 INFO  : Hardware design information is loaded from 'C:/Levi_Dok/Egyetem/Mesteri/I_EV/I_FELEV/BeagyazottRendszerek/SmartWateringSystem_IPintegrated/SmartWateringSystem_IPintegrated.sdk/design_1_wrapper_hw_platform_0/system.hdf'.
11:34:05 INFO  : 'configparams force-mem-access 1' command is executed.
11:34:05 INFO  : Context for 'APU' is selected.
11:34:05 INFO  : 'stop' command is executed.
11:34:06 INFO  : 'ps7_init' command is executed.
11:34:06 INFO  : 'ps7_post_config' command is executed.
11:34:06 INFO  : Context for processor 'ps7_cortexa9_0' is selected.
11:34:06 INFO  : Processor reset is completed for 'ps7_cortexa9_0'.
11:34:06 INFO  : Context for processor 'ps7_cortexa9_0' is selected.
11:34:06 INFO  : The application 'C:/Levi_Dok/Egyetem/Mesteri/I_EV/I_FELEV/BeagyazottRendszerek/SmartWateringSystem_IPintegrated/SmartWateringSystem_IPintegrated.sdk/SmartWateringSystemSoftware/Debug/SmartWateringSystemSoftware.elf' is downloaded to processor 'ps7_cortexa9_0'.
11:34:06 INFO  : 'configparams force-mem-access 0' command is executed.
11:34:06 INFO  : ----------------XSDB Script----------------
connect -url tcp:127.0.0.1:3121
source C:/Levi_Dok/Egyetem/Mesteri/I_EV/I_FELEV/BeagyazottRendszerek/SmartWateringSystem_IPintegrated/SmartWateringSystem_IPintegrated.sdk/design_1_wrapper_hw_platform_0/ps7_init.tcl
targets -set -nocase -filter {name =~"APU*" && jtag_cable_name =~ "Digilent Zybo 210279787621A"} -index 0
loadhw -hw C:/Levi_Dok/Egyetem/Mesteri/I_EV/I_FELEV/BeagyazottRendszerek/SmartWateringSystem_IPintegrated/SmartWateringSystem_IPintegrated.sdk/design_1_wrapper_hw_platform_0/system.hdf -mem-ranges [list {0x40000000 0xbfffffff}]
configparams force-mem-access 1
targets -set -nocase -filter {name =~"APU*" && jtag_cable_name =~ "Digilent Zybo 210279787621A"} -index 0
stop
ps7_init
ps7_post_config
targets -set -nocase -filter {name =~ "ARM*#0" && jtag_cable_name =~ "Digilent Zybo 210279787621A"} -index 0
rst -processor
targets -set -nocase -filter {name =~ "ARM*#0" && jtag_cable_name =~ "Digilent Zybo 210279787621A"} -index 0
dow C:/Levi_Dok/Egyetem/Mesteri/I_EV/I_FELEV/BeagyazottRendszerek/SmartWateringSystem_IPintegrated/SmartWateringSystem_IPintegrated.sdk/SmartWateringSystemSoftware/Debug/SmartWateringSystemSoftware.elf
configparams force-mem-access 0
----------------End of Script----------------

11:34:06 INFO  : Memory regions updated for context APU
11:34:06 INFO  : Context for processor 'ps7_cortexa9_0' is selected.
11:34:06 INFO  : 'con' command is executed.
11:34:06 INFO  : ----------------XSDB Script (After Launch)----------------
targets -set -nocase -filter {name =~ "ARM*#0" && jtag_cable_name =~ "Digilent Zybo 210279787621A"} -index 0
con
----------------End of Script----------------

11:34:06 INFO  : Launch script is exported to file 'C:\Levi_Dok\Egyetem\Mesteri\I_EV\I_FELEV\BeagyazottRendszerek\SmartWateringSystem_IPintegrated\SmartWateringSystem_IPintegrated.sdk\.sdk\launch_scripts\xilinx_c-c++_application_(system_debugger)\system_debugger_using_debug_smartwateringsystemsoftware.elf_on_local.tcl'
11:36:40 INFO  : Disconnected from the channel tcfchan#3.
11:36:41 INFO  : 'targets -set -filter {jtag_cable_name =~ "Digilent Zybo 210279787621A" && level==0} -index 1' command is executed.
11:36:41 INFO  : 'fpga -state' command is executed.
11:36:42 INFO  : Connected to target on host '127.0.0.1' and port '3121'.
11:36:42 INFO  : Jtag cable 'Digilent Zybo 210279787621A' is selected.
11:36:42 INFO  : 'jtag frequency' command is executed.
11:36:42 INFO  : Sourcing of 'C:/Levi_Dok/Egyetem/Mesteri/I_EV/I_FELEV/BeagyazottRendszerek/SmartWateringSystem_IPintegrated/SmartWateringSystem_IPintegrated.sdk/design_1_wrapper_hw_platform_0/ps7_init.tcl' is done.
11:36:42 INFO  : Context for 'APU' is selected.
11:36:45 INFO  : Hardware design information is loaded from 'C:/Levi_Dok/Egyetem/Mesteri/I_EV/I_FELEV/BeagyazottRendszerek/SmartWateringSystem_IPintegrated/SmartWateringSystem_IPintegrated.sdk/design_1_wrapper_hw_platform_0/system.hdf'.
11:36:45 INFO  : 'configparams force-mem-access 1' command is executed.
11:36:45 INFO  : Context for 'APU' is selected.
11:36:45 INFO  : 'stop' command is executed.
11:36:46 INFO  : 'ps7_init' command is executed.
11:36:46 INFO  : 'ps7_post_config' command is executed.
11:36:46 INFO  : Context for processor 'ps7_cortexa9_0' is selected.
11:36:46 INFO  : Processor reset is completed for 'ps7_cortexa9_0'.
11:36:46 INFO  : Context for processor 'ps7_cortexa9_0' is selected.
11:36:46 INFO  : The application 'C:/Levi_Dok/Egyetem/Mesteri/I_EV/I_FELEV/BeagyazottRendszerek/SmartWateringSystem_IPintegrated/SmartWateringSystem_IPintegrated.sdk/SmartWateringSystemSoftware/Debug/SmartWateringSystemSoftware.elf' is downloaded to processor 'ps7_cortexa9_0'.
11:36:46 INFO  : 'configparams force-mem-access 0' command is executed.
11:36:46 INFO  : ----------------XSDB Script----------------
connect -url tcp:127.0.0.1:3121
source C:/Levi_Dok/Egyetem/Mesteri/I_EV/I_FELEV/BeagyazottRendszerek/SmartWateringSystem_IPintegrated/SmartWateringSystem_IPintegrated.sdk/design_1_wrapper_hw_platform_0/ps7_init.tcl
targets -set -nocase -filter {name =~"APU*" && jtag_cable_name =~ "Digilent Zybo 210279787621A"} -index 0
loadhw -hw C:/Levi_Dok/Egyetem/Mesteri/I_EV/I_FELEV/BeagyazottRendszerek/SmartWateringSystem_IPintegrated/SmartWateringSystem_IPintegrated.sdk/design_1_wrapper_hw_platform_0/system.hdf -mem-ranges [list {0x40000000 0xbfffffff}]
configparams force-mem-access 1
targets -set -nocase -filter {name =~"APU*" && jtag_cable_name =~ "Digilent Zybo 210279787621A"} -index 0
stop
ps7_init
ps7_post_config
targets -set -nocase -filter {name =~ "ARM*#0" && jtag_cable_name =~ "Digilent Zybo 210279787621A"} -index 0
rst -processor
targets -set -nocase -filter {name =~ "ARM*#0" && jtag_cable_name =~ "Digilent Zybo 210279787621A"} -index 0
dow C:/Levi_Dok/Egyetem/Mesteri/I_EV/I_FELEV/BeagyazottRendszerek/SmartWateringSystem_IPintegrated/SmartWateringSystem_IPintegrated.sdk/SmartWateringSystemSoftware/Debug/SmartWateringSystemSoftware.elf
configparams force-mem-access 0
----------------End of Script----------------

11:36:47 INFO  : Memory regions updated for context APU
11:36:47 INFO  : Context for processor 'ps7_cortexa9_0' is selected.
11:36:48 INFO  : 'con' command is executed.
11:36:48 INFO  : ----------------XSDB Script (After Launch)----------------
targets -set -nocase -filter {name =~ "ARM*#0" && jtag_cable_name =~ "Digilent Zybo 210279787621A"} -index 0
con
----------------End of Script----------------

11:36:48 INFO  : Launch script is exported to file 'C:\Levi_Dok\Egyetem\Mesteri\I_EV\I_FELEV\BeagyazottRendszerek\SmartWateringSystem_IPintegrated\SmartWateringSystem_IPintegrated.sdk\.sdk\launch_scripts\xilinx_c-c++_application_(system_debugger)\system_debugger_using_debug_smartwateringsystemsoftware.elf_on_local.tcl'
11:37:45 INFO  : Disconnected from the channel tcfchan#4.
11:37:46 INFO  : 'targets -set -filter {jtag_cable_name =~ "Digilent Zybo 210279787621A" && level==0} -index 1' command is executed.
11:37:46 INFO  : 'fpga -state' command is executed.
11:37:46 INFO  : Connected to target on host '127.0.0.1' and port '3121'.
11:37:47 INFO  : Jtag cable 'Digilent Zybo 210279787621A' is selected.
11:37:47 INFO  : 'jtag frequency' command is executed.
11:37:47 INFO  : Sourcing of 'C:/Levi_Dok/Egyetem/Mesteri/I_EV/I_FELEV/BeagyazottRendszerek/SmartWateringSystem_IPintegrated/SmartWateringSystem_IPintegrated.sdk/design_1_wrapper_hw_platform_0/ps7_init.tcl' is done.
11:37:47 INFO  : Context for 'APU' is selected.
11:37:50 INFO  : Hardware design information is loaded from 'C:/Levi_Dok/Egyetem/Mesteri/I_EV/I_FELEV/BeagyazottRendszerek/SmartWateringSystem_IPintegrated/SmartWateringSystem_IPintegrated.sdk/design_1_wrapper_hw_platform_0/system.hdf'.
11:37:50 INFO  : 'configparams force-mem-access 1' command is executed.
11:37:50 INFO  : Context for 'APU' is selected.
11:37:50 INFO  : 'stop' command is executed.
11:37:51 INFO  : 'ps7_init' command is executed.
11:37:51 INFO  : 'ps7_post_config' command is executed.
11:37:51 INFO  : Context for processor 'ps7_cortexa9_0' is selected.
11:37:51 INFO  : Processor reset is completed for 'ps7_cortexa9_0'.
11:37:51 INFO  : Context for processor 'ps7_cortexa9_0' is selected.
11:37:51 INFO  : The application 'C:/Levi_Dok/Egyetem/Mesteri/I_EV/I_FELEV/BeagyazottRendszerek/SmartWateringSystem_IPintegrated/SmartWateringSystem_IPintegrated.sdk/SmartWateringSystemSoftware/Debug/SmartWateringSystemSoftware.elf' is downloaded to processor 'ps7_cortexa9_0'.
11:37:51 INFO  : 'configparams force-mem-access 0' command is executed.
11:37:51 INFO  : ----------------XSDB Script----------------
connect -url tcp:127.0.0.1:3121
source C:/Levi_Dok/Egyetem/Mesteri/I_EV/I_FELEV/BeagyazottRendszerek/SmartWateringSystem_IPintegrated/SmartWateringSystem_IPintegrated.sdk/design_1_wrapper_hw_platform_0/ps7_init.tcl
targets -set -nocase -filter {name =~"APU*" && jtag_cable_name =~ "Digilent Zybo 210279787621A"} -index 0
loadhw -hw C:/Levi_Dok/Egyetem/Mesteri/I_EV/I_FELEV/BeagyazottRendszerek/SmartWateringSystem_IPintegrated/SmartWateringSystem_IPintegrated.sdk/design_1_wrapper_hw_platform_0/system.hdf -mem-ranges [list {0x40000000 0xbfffffff}]
configparams force-mem-access 1
targets -set -nocase -filter {name =~"APU*" && jtag_cable_name =~ "Digilent Zybo 210279787621A"} -index 0
stop
ps7_init
ps7_post_config
targets -set -nocase -filter {name =~ "ARM*#0" && jtag_cable_name =~ "Digilent Zybo 210279787621A"} -index 0
rst -processor
targets -set -nocase -filter {name =~ "ARM*#0" && jtag_cable_name =~ "Digilent Zybo 210279787621A"} -index 0
dow C:/Levi_Dok/Egyetem/Mesteri/I_EV/I_FELEV/BeagyazottRendszerek/SmartWateringSystem_IPintegrated/SmartWateringSystem_IPintegrated.sdk/SmartWateringSystemSoftware/Debug/SmartWateringSystemSoftware.elf
configparams force-mem-access 0
----------------End of Script----------------

11:37:51 INFO  : Memory regions updated for context APU
11:37:51 INFO  : Context for processor 'ps7_cortexa9_0' is selected.
11:37:51 INFO  : 'con' command is executed.
11:37:51 INFO  : ----------------XSDB Script (After Launch)----------------
targets -set -nocase -filter {name =~ "ARM*#0" && jtag_cable_name =~ "Digilent Zybo 210279787621A"} -index 0
con
----------------End of Script----------------

11:37:51 INFO  : Launch script is exported to file 'C:\Levi_Dok\Egyetem\Mesteri\I_EV\I_FELEV\BeagyazottRendszerek\SmartWateringSystem_IPintegrated\SmartWateringSystem_IPintegrated.sdk\.sdk\launch_scripts\xilinx_c-c++_application_(system_debugger)\system_debugger_using_debug_smartwateringsystemsoftware.elf_on_local.tcl'
11:39:22 INFO  : Disconnected from the channel tcfchan#5.
11:39:23 INFO  : 'targets -set -filter {jtag_cable_name =~ "Digilent Zybo 210279787621A" && level==0} -index 1' command is executed.
11:39:23 INFO  : 'fpga -state' command is executed.
11:39:23 INFO  : Connected to target on host '127.0.0.1' and port '3121'.
11:39:23 INFO  : Jtag cable 'Digilent Zybo 210279787621A' is selected.
11:39:23 INFO  : 'jtag frequency' command is executed.
11:39:23 INFO  : Sourcing of 'C:/Levi_Dok/Egyetem/Mesteri/I_EV/I_FELEV/BeagyazottRendszerek/SmartWateringSystem_IPintegrated/SmartWateringSystem_IPintegrated.sdk/design_1_wrapper_hw_platform_0/ps7_init.tcl' is done.
11:39:23 INFO  : Context for 'APU' is selected.
11:39:26 INFO  : Hardware design information is loaded from 'C:/Levi_Dok/Egyetem/Mesteri/I_EV/I_FELEV/BeagyazottRendszerek/SmartWateringSystem_IPintegrated/SmartWateringSystem_IPintegrated.sdk/design_1_wrapper_hw_platform_0/system.hdf'.
11:39:26 INFO  : 'configparams force-mem-access 1' command is executed.
11:39:26 INFO  : Context for 'APU' is selected.
11:39:26 INFO  : 'stop' command is executed.
11:39:26 ERROR : Memory read error at 0xF8007080. AHB AP transaction error, DAP status f0000021
11:39:26 INFO  : ----------------XSDB Script----------------
connect -url tcp:127.0.0.1:3121
source C:/Levi_Dok/Egyetem/Mesteri/I_EV/I_FELEV/BeagyazottRendszerek/SmartWateringSystem_IPintegrated/SmartWateringSystem_IPintegrated.sdk/design_1_wrapper_hw_platform_0/ps7_init.tcl
targets -set -nocase -filter {name =~"APU*" && jtag_cable_name =~ "Digilent Zybo 210279787621A"} -index 0
loadhw -hw C:/Levi_Dok/Egyetem/Mesteri/I_EV/I_FELEV/BeagyazottRendszerek/SmartWateringSystem_IPintegrated/SmartWateringSystem_IPintegrated.sdk/design_1_wrapper_hw_platform_0/system.hdf -mem-ranges [list {0x40000000 0xbfffffff}]
configparams force-mem-access 1
targets -set -nocase -filter {name =~"APU*" && jtag_cable_name =~ "Digilent Zybo 210279787621A"} -index 0
stop
ps7_init
----------------End of Script----------------

11:39:40 INFO  : 'targets -set -filter {jtag_cable_name =~ "Digilent Zybo 210279787621A" && level==0} -index 1' command is executed.
11:39:40 INFO  : 'fpga -state' command is executed.
11:39:40 INFO  : Connected to target on host '127.0.0.1' and port '3121'.
11:39:40 INFO  : Jtag cable 'Digilent Zybo 210279787621A' is selected.
11:39:40 INFO  : 'jtag frequency' command is executed.
11:39:40 INFO  : Sourcing of 'C:/Levi_Dok/Egyetem/Mesteri/I_EV/I_FELEV/BeagyazottRendszerek/SmartWateringSystem_IPintegrated/SmartWateringSystem_IPintegrated.sdk/design_1_wrapper_hw_platform_0/ps7_init.tcl' is done.
11:39:40 INFO  : Context for 'APU' is selected.
11:39:40 INFO  : Hardware design information is loaded from 'C:/Levi_Dok/Egyetem/Mesteri/I_EV/I_FELEV/BeagyazottRendszerek/SmartWateringSystem_IPintegrated/SmartWateringSystem_IPintegrated.sdk/design_1_wrapper_hw_platform_0/system.hdf'.
11:39:40 INFO  : 'configparams force-mem-access 1' command is executed.
11:39:40 INFO  : Context for 'APU' is selected.
11:39:41 INFO  : 'stop' command is executed.
11:39:41 ERROR : AP transaction error, DAP status f0000021
11:39:41 INFO  : ----------------XSDB Script----------------
connect -url tcp:127.0.0.1:3121
source C:/Levi_Dok/Egyetem/Mesteri/I_EV/I_FELEV/BeagyazottRendszerek/SmartWateringSystem_IPintegrated/SmartWateringSystem_IPintegrated.sdk/design_1_wrapper_hw_platform_0/ps7_init.tcl
targets -set -nocase -filter {name =~"APU*" && jtag_cable_name =~ "Digilent Zybo 210279787621A"} -index 0
loadhw -hw C:/Levi_Dok/Egyetem/Mesteri/I_EV/I_FELEV/BeagyazottRendszerek/SmartWateringSystem_IPintegrated/SmartWateringSystem_IPintegrated.sdk/design_1_wrapper_hw_platform_0/system.hdf -mem-ranges [list {0x40000000 0xbfffffff}]
configparams force-mem-access 1
targets -set -nocase -filter {name =~"APU*" && jtag_cable_name =~ "Digilent Zybo 210279787621A"} -index 0
stop
ps7_init
----------------End of Script----------------

11:41:02 INFO  : Registering command handlers for SDK TCF services
11:41:03 INFO  : Launching XSCT server: xsct.bat -interactive C:\Levi_Dok\Egyetem\Mesteri\I_EV\I_FELEV\BeagyazottRendszerek\SmartWateringSystem_IPintegrated\SmartWateringSystem_IPintegrated.sdk\temp_xsdb_launch_script.tcl
11:41:06 INFO  : XSCT server has started successfully.
11:41:09 INFO  : Processing command line option -hwspec C:/Levi_Dok/Egyetem/Mesteri/I_EV/I_FELEV/BeagyazottRendszerek/SmartWateringSystem_IPintegrated/SmartWateringSystem_IPintegrated.sdk/design_1_wrapper.hdf.
11:41:09 INFO  : Successfully done setting XSCT server connection channel  
11:41:09 INFO  : Checking for hwspec changes in the project design_1_wrapper_hw_platform_0.
11:41:14 INFO  : Successfully done setting SDK workspace  
11:42:18 INFO  : Connected to target on host '127.0.0.1' and port '3121'.
11:42:58 INFO  : Connected to target on host '127.0.0.1' and port '3121'.
11:42:58 INFO  : 'targets -set -filter {jtag_cable_name =~ "Digilent Zybo 210279787621A" && level==0} -index 1' command is executed.
11:43:00 INFO  : FPGA configured successfully with bitstream "C:/Levi_Dok/Egyetem/Mesteri/I_EV/I_FELEV/BeagyazottRendszerek/SmartWateringSystem_IPintegrated/SmartWateringSystem_IPintegrated.sdk/design_1_wrapper_hw_platform_0/design_1_wrapper.bit"
11:43:12 INFO  : 'targets -set -filter {jtag_cable_name =~ "Digilent Zybo 210279787621A" && level==0} -index 1' command is executed.
11:43:12 INFO  : 'fpga -state' command is executed.
11:43:12 INFO  : Connected to target on host '127.0.0.1' and port '3121'.
11:43:12 INFO  : Jtag cable 'Digilent Zybo 210279787621A' is selected.
11:43:12 INFO  : 'jtag frequency' command is executed.
11:43:12 INFO  : Sourcing of 'C:/Levi_Dok/Egyetem/Mesteri/I_EV/I_FELEV/BeagyazottRendszerek/SmartWateringSystem_IPintegrated/SmartWateringSystem_IPintegrated.sdk/design_1_wrapper_hw_platform_0/ps7_init.tcl' is done.
11:43:12 INFO  : Context for 'APU' is selected.
11:43:12 INFO  : Hardware design information is loaded from 'C:/Levi_Dok/Egyetem/Mesteri/I_EV/I_FELEV/BeagyazottRendszerek/SmartWateringSystem_IPintegrated/SmartWateringSystem_IPintegrated.sdk/design_1_wrapper_hw_platform_0/system.hdf'.
11:43:12 INFO  : 'configparams force-mem-access 1' command is executed.
11:43:12 INFO  : Context for 'APU' is selected.
11:43:12 INFO  : 'stop' command is executed.
11:43:13 INFO  : 'ps7_init' command is executed.
11:43:13 INFO  : 'ps7_post_config' command is executed.
11:43:13 INFO  : Context for processor 'ps7_cortexa9_0' is selected.
11:43:13 INFO  : Processor reset is completed for 'ps7_cortexa9_0'.
11:43:13 INFO  : Context for processor 'ps7_cortexa9_0' is selected.
11:43:13 INFO  : The application 'C:/Levi_Dok/Egyetem/Mesteri/I_EV/I_FELEV/BeagyazottRendszerek/SmartWateringSystem_IPintegrated/SmartWateringSystem_IPintegrated.sdk/SmartWateringSystemSoftware/Debug/SmartWateringSystemSoftware.elf' is downloaded to processor 'ps7_cortexa9_0'.
11:43:13 INFO  : 'configparams force-mem-access 0' command is executed.
11:43:13 INFO  : ----------------XSDB Script----------------
connect -url tcp:127.0.0.1:3121
source C:/Levi_Dok/Egyetem/Mesteri/I_EV/I_FELEV/BeagyazottRendszerek/SmartWateringSystem_IPintegrated/SmartWateringSystem_IPintegrated.sdk/design_1_wrapper_hw_platform_0/ps7_init.tcl
targets -set -nocase -filter {name =~"APU*" && jtag_cable_name =~ "Digilent Zybo 210279787621A"} -index 0
loadhw -hw C:/Levi_Dok/Egyetem/Mesteri/I_EV/I_FELEV/BeagyazottRendszerek/SmartWateringSystem_IPintegrated/SmartWateringSystem_IPintegrated.sdk/design_1_wrapper_hw_platform_0/system.hdf -mem-ranges [list {0x40000000 0xbfffffff}]
configparams force-mem-access 1
targets -set -nocase -filter {name =~"APU*" && jtag_cable_name =~ "Digilent Zybo 210279787621A"} -index 0
stop
ps7_init
ps7_post_config
targets -set -nocase -filter {name =~ "ARM*#0" && jtag_cable_name =~ "Digilent Zybo 210279787621A"} -index 0
rst -processor
targets -set -nocase -filter {name =~ "ARM*#0" && jtag_cable_name =~ "Digilent Zybo 210279787621A"} -index 0
dow C:/Levi_Dok/Egyetem/Mesteri/I_EV/I_FELEV/BeagyazottRendszerek/SmartWateringSystem_IPintegrated/SmartWateringSystem_IPintegrated.sdk/SmartWateringSystemSoftware/Debug/SmartWateringSystemSoftware.elf
configparams force-mem-access 0
----------------End of Script----------------

11:43:13 INFO  : Memory regions updated for context APU
11:43:14 INFO  : Context for processor 'ps7_cortexa9_0' is selected.
11:43:14 INFO  : 'con' command is executed.
11:43:14 INFO  : ----------------XSDB Script (After Launch)----------------
targets -set -nocase -filter {name =~ "ARM*#0" && jtag_cable_name =~ "Digilent Zybo 210279787621A"} -index 0
con
----------------End of Script----------------

11:43:14 INFO  : Launch script is exported to file 'C:\Levi_Dok\Egyetem\Mesteri\I_EV\I_FELEV\BeagyazottRendszerek\SmartWateringSystem_IPintegrated\SmartWateringSystem_IPintegrated.sdk\.sdk\launch_scripts\xilinx_c-c++_application_(system_debugger)\system_debugger_using_debug_smartwateringsystemsoftware.elf_on_local.tcl'
11:44:07 INFO  : Disconnected from the channel tcfchan#1.
11:44:08 INFO  : 'targets -set -filter {jtag_cable_name =~ "Digilent Zybo 210279787621A" && level==0} -index 1' command is executed.
11:44:08 INFO  : 'fpga -state' command is executed.
11:44:09 INFO  : Connected to target on host '127.0.0.1' and port '3121'.
11:44:09 INFO  : Jtag cable 'Digilent Zybo 210279787621A' is selected.
11:44:09 INFO  : 'jtag frequency' command is executed.
11:44:09 INFO  : Sourcing of 'C:/Levi_Dok/Egyetem/Mesteri/I_EV/I_FELEV/BeagyazottRendszerek/SmartWateringSystem_IPintegrated/SmartWateringSystem_IPintegrated.sdk/design_1_wrapper_hw_platform_0/ps7_init.tcl' is done.
11:44:09 INFO  : Context for 'APU' is selected.
11:44:11 INFO  : Hardware design information is loaded from 'C:/Levi_Dok/Egyetem/Mesteri/I_EV/I_FELEV/BeagyazottRendszerek/SmartWateringSystem_IPintegrated/SmartWateringSystem_IPintegrated.sdk/design_1_wrapper_hw_platform_0/system.hdf'.
11:44:11 INFO  : 'configparams force-mem-access 1' command is executed.
11:44:11 INFO  : Context for 'APU' is selected.
11:44:11 INFO  : 'stop' command is executed.
11:44:12 INFO  : 'ps7_init' command is executed.
11:44:12 INFO  : 'ps7_post_config' command is executed.
11:44:12 INFO  : Context for processor 'ps7_cortexa9_0' is selected.
11:44:12 INFO  : Processor reset is completed for 'ps7_cortexa9_0'.
11:44:12 INFO  : Context for processor 'ps7_cortexa9_0' is selected.
11:44:12 INFO  : The application 'C:/Levi_Dok/Egyetem/Mesteri/I_EV/I_FELEV/BeagyazottRendszerek/SmartWateringSystem_IPintegrated/SmartWateringSystem_IPintegrated.sdk/SmartWateringSystemSoftware/Debug/SmartWateringSystemSoftware.elf' is downloaded to processor 'ps7_cortexa9_0'.
11:44:12 INFO  : 'configparams force-mem-access 0' command is executed.
11:44:12 INFO  : ----------------XSDB Script----------------
connect -url tcp:127.0.0.1:3121
source C:/Levi_Dok/Egyetem/Mesteri/I_EV/I_FELEV/BeagyazottRendszerek/SmartWateringSystem_IPintegrated/SmartWateringSystem_IPintegrated.sdk/design_1_wrapper_hw_platform_0/ps7_init.tcl
targets -set -nocase -filter {name =~"APU*" && jtag_cable_name =~ "Digilent Zybo 210279787621A"} -index 0
loadhw -hw C:/Levi_Dok/Egyetem/Mesteri/I_EV/I_FELEV/BeagyazottRendszerek/SmartWateringSystem_IPintegrated/SmartWateringSystem_IPintegrated.sdk/design_1_wrapper_hw_platform_0/system.hdf -mem-ranges [list {0x40000000 0xbfffffff}]
configparams force-mem-access 1
targets -set -nocase -filter {name =~"APU*" && jtag_cable_name =~ "Digilent Zybo 210279787621A"} -index 0
stop
ps7_init
ps7_post_config
targets -set -nocase -filter {name =~ "ARM*#0" && jtag_cable_name =~ "Digilent Zybo 210279787621A"} -index 0
rst -processor
targets -set -nocase -filter {name =~ "ARM*#0" && jtag_cable_name =~ "Digilent Zybo 210279787621A"} -index 0
dow C:/Levi_Dok/Egyetem/Mesteri/I_EV/I_FELEV/BeagyazottRendszerek/SmartWateringSystem_IPintegrated/SmartWateringSystem_IPintegrated.sdk/SmartWateringSystemSoftware/Debug/SmartWateringSystemSoftware.elf
configparams force-mem-access 0
----------------End of Script----------------

11:44:12 INFO  : Memory regions updated for context APU
11:44:12 INFO  : Context for processor 'ps7_cortexa9_0' is selected.
11:44:12 INFO  : 'con' command is executed.
11:44:12 INFO  : ----------------XSDB Script (After Launch)----------------
targets -set -nocase -filter {name =~ "ARM*#0" && jtag_cable_name =~ "Digilent Zybo 210279787621A"} -index 0
con
----------------End of Script----------------

11:44:12 INFO  : Launch script is exported to file 'C:\Levi_Dok\Egyetem\Mesteri\I_EV\I_FELEV\BeagyazottRendszerek\SmartWateringSystem_IPintegrated\SmartWateringSystem_IPintegrated.sdk\.sdk\launch_scripts\xilinx_c-c++_application_(system_debugger)\system_debugger_using_debug_smartwateringsystemsoftware.elf_on_local.tcl'
11:49:11 INFO  : Connected to target on host '127.0.0.1' and port '3121'.
11:49:13 INFO  : Connected to target on host '127.0.0.1' and port '3121'.
11:58:52 INFO  : Disconnected from the channel tcfchan#2.
12:00:39 INFO  : Launching XSCT server: xsct.bat -interactive C:\Levi_Dok\Egyetem\Mesteri\I_EV\I_FELEV\BeagyazottRendszerek\SmartWateringSystem_IPintegrated\SmartWateringSystem_IPintegrated.sdk\temp_xsdb_launch_script.tcl
12:00:41 INFO  : XSCT server has started successfully.
12:00:42 INFO  : Successfully done setting XSCT server connection channel  
12:00:42 INFO  : Successfully done setting SDK workspace  
12:00:48 INFO  : Registering command handlers for SDK TCF services
12:00:48 INFO  : Processing command line option -hwspec C:/Levi_Dok/Egyetem/Mesteri/I_EV/I_FELEV/BeagyazottRendszerek/SmartWateringSystem_IPintegrated/SmartWateringSystem_IPintegrated.sdk/design_1_wrapper.hdf.
12:00:48 INFO  : Checking for hwspec changes in the project design_1_wrapper_hw_platform_0.
12:02:21 ERROR : Unexpected error while writing to XSCT Console View.
java.io.IOException: Output Stream is closed
	at org.eclipse.ui.console.IOConsoleOutputStream.encodedWrite(IOConsoleOutputStream.java:231)
	at org.eclipse.ui.console.IOConsoleOutputStream.write(IOConsoleOutputStream.java:226)
	at com.xilinx.sdk.targetmanager.ui.xsdb.XSDBConsolePresenter.appendToConsole(XSDBConsolePresenter.java:269)
	at com.xilinx.sdk.targetmanager.ui.xsdb.XSDBConsolePresenter.printOut(XSDBConsolePresenter.java:238)
	at com.xilinx.sdk.targetmanager.ui.xsdb.XSDBConsolePresenter.access$4(XSDBConsolePresenter.java:237)
	at com.xilinx.sdk.targetmanager.ui.xsdb.XSDBConsolePresenter$2.run(XSDBConsolePresenter.java:177)
	at org.eclipse.core.internal.jobs.Worker.run(Worker.java:55)
12:02:42 INFO  : Connected to target on host '127.0.0.1' and port '3121'.
12:02:43 INFO  : 'targets -set -filter {jtag_cable_name =~ "Digilent Zybo 210279787621A" && level==0} -index 1' command is executed.
12:02:44 INFO  : FPGA configured successfully with bitstream "C:/Levi_Dok/Egyetem/Mesteri/I_EV/I_FELEV/BeagyazottRendszerek/SmartWateringSystem_IPintegrated/SmartWateringSystem_IPintegrated.sdk/design_1_wrapper_hw_platform_0/design_1_wrapper.bit"
12:02:58 INFO  : 'targets -set -filter {jtag_cable_name =~ "Digilent Zybo 210279787621A" && level==0} -index 1' command is executed.
12:02:58 INFO  : 'fpga -state' command is executed.
12:02:58 INFO  : Connected to target on host '127.0.0.1' and port '3121'.
12:02:58 INFO  : Jtag cable 'Digilent Zybo 210279787621A' is selected.
12:02:58 INFO  : 'jtag frequency' command is executed.
12:02:58 INFO  : Sourcing of 'C:/Levi_Dok/Egyetem/Mesteri/I_EV/I_FELEV/BeagyazottRendszerek/SmartWateringSystem_IPintegrated/SmartWateringSystem_IPintegrated.sdk/design_1_wrapper_hw_platform_0/ps7_init.tcl' is done.
12:02:58 INFO  : Context for 'APU' is selected.
12:02:58 INFO  : Hardware design information is loaded from 'C:/Levi_Dok/Egyetem/Mesteri/I_EV/I_FELEV/BeagyazottRendszerek/SmartWateringSystem_IPintegrated/SmartWateringSystem_IPintegrated.sdk/design_1_wrapper_hw_platform_0/system.hdf'.
12:02:58 INFO  : 'configparams force-mem-access 1' command is executed.
12:02:58 INFO  : Context for 'APU' is selected.
12:02:58 INFO  : 'stop' command is executed.
12:02:59 INFO  : 'ps7_init' command is executed.
12:02:59 INFO  : 'ps7_post_config' command is executed.
12:02:59 INFO  : Context for processor 'ps7_cortexa9_0' is selected.
12:02:59 INFO  : Processor reset is completed for 'ps7_cortexa9_0'.
12:02:59 INFO  : Context for processor 'ps7_cortexa9_0' is selected.
12:02:59 INFO  : The application 'C:/Levi_Dok/Egyetem/Mesteri/I_EV/I_FELEV/BeagyazottRendszerek/SmartWateringSystem_IPintegrated/SmartWateringSystem_IPintegrated.sdk/SmartWateringSystemSoftware/Debug/SmartWateringSystemSoftware.elf' is downloaded to processor 'ps7_cortexa9_0'.
12:02:59 INFO  : 'configparams force-mem-access 0' command is executed.
12:02:59 INFO  : ----------------XSDB Script----------------
connect -url tcp:127.0.0.1:3121
source C:/Levi_Dok/Egyetem/Mesteri/I_EV/I_FELEV/BeagyazottRendszerek/SmartWateringSystem_IPintegrated/SmartWateringSystem_IPintegrated.sdk/design_1_wrapper_hw_platform_0/ps7_init.tcl
targets -set -nocase -filter {name =~"APU*" && jtag_cable_name =~ "Digilent Zybo 210279787621A"} -index 0
loadhw -hw C:/Levi_Dok/Egyetem/Mesteri/I_EV/I_FELEV/BeagyazottRendszerek/SmartWateringSystem_IPintegrated/SmartWateringSystem_IPintegrated.sdk/design_1_wrapper_hw_platform_0/system.hdf -mem-ranges [list {0x40000000 0xbfffffff}]
configparams force-mem-access 1
targets -set -nocase -filter {name =~"APU*" && jtag_cable_name =~ "Digilent Zybo 210279787621A"} -index 0
stop
ps7_init
ps7_post_config
targets -set -nocase -filter {name =~ "ARM*#0" && jtag_cable_name =~ "Digilent Zybo 210279787621A"} -index 0
rst -processor
targets -set -nocase -filter {name =~ "ARM*#0" && jtag_cable_name =~ "Digilent Zybo 210279787621A"} -index 0
dow C:/Levi_Dok/Egyetem/Mesteri/I_EV/I_FELEV/BeagyazottRendszerek/SmartWateringSystem_IPintegrated/SmartWateringSystem_IPintegrated.sdk/SmartWateringSystemSoftware/Debug/SmartWateringSystemSoftware.elf
configparams force-mem-access 0
----------------End of Script----------------

12:02:59 INFO  : Memory regions updated for context APU
12:03:00 INFO  : Context for processor 'ps7_cortexa9_0' is selected.
12:03:00 INFO  : 'con' command is executed.
12:03:00 INFO  : ----------------XSDB Script (After Launch)----------------
targets -set -nocase -filter {name =~ "ARM*#0" && jtag_cable_name =~ "Digilent Zybo 210279787621A"} -index 0
con
----------------End of Script----------------

12:03:00 INFO  : Launch script is exported to file 'C:\Levi_Dok\Egyetem\Mesteri\I_EV\I_FELEV\BeagyazottRendszerek\SmartWateringSystem_IPintegrated\SmartWateringSystem_IPintegrated.sdk\.sdk\launch_scripts\xilinx_c-c++_application_(system_debugger)\system_debugger_using_debug_smartwateringsystemsoftware.elf_on_local.tcl'
12:04:09 INFO  : Connected to target on host '127.0.0.1' and port '3121'.
12:04:13 INFO  : Connected to target on host '127.0.0.1' and port '3121'.
12:04:19 INFO  : Disconnected from the channel tcfchan#1.
12:04:20 INFO  : 'targets -set -filter {jtag_cable_name =~ "Digilent Zybo 210279787621A" && level==0} -index 1' command is executed.
12:04:21 INFO  : 'fpga -state' command is executed.
12:04:21 INFO  : Connected to target on host '127.0.0.1' and port '3121'.
12:04:21 INFO  : Jtag cable 'Digilent Zybo 210279787621A' is selected.
12:04:21 INFO  : 'jtag frequency' command is executed.
12:04:21 INFO  : Sourcing of 'C:/Levi_Dok/Egyetem/Mesteri/I_EV/I_FELEV/BeagyazottRendszerek/SmartWateringSystem_IPintegrated/SmartWateringSystem_IPintegrated.sdk/design_1_wrapper_hw_platform_0/ps7_init.tcl' is done.
12:04:21 INFO  : Context for 'APU' is selected.
12:04:23 INFO  : Hardware design information is loaded from 'C:/Levi_Dok/Egyetem/Mesteri/I_EV/I_FELEV/BeagyazottRendszerek/SmartWateringSystem_IPintegrated/SmartWateringSystem_IPintegrated.sdk/design_1_wrapper_hw_platform_0/system.hdf'.
12:04:23 INFO  : 'configparams force-mem-access 1' command is executed.
12:04:23 INFO  : Context for 'APU' is selected.
12:04:23 INFO  : 'stop' command is executed.
12:04:23 ERROR : Memory read error at 0xF8007080. AHB AP transaction error, DAP status f0000021
12:04:23 INFO  : ----------------XSDB Script----------------
connect -url tcp:127.0.0.1:3121
source C:/Levi_Dok/Egyetem/Mesteri/I_EV/I_FELEV/BeagyazottRendszerek/SmartWateringSystem_IPintegrated/SmartWateringSystem_IPintegrated.sdk/design_1_wrapper_hw_platform_0/ps7_init.tcl
targets -set -nocase -filter {name =~"APU*" && jtag_cable_name =~ "Digilent Zybo 210279787621A"} -index 0
loadhw -hw C:/Levi_Dok/Egyetem/Mesteri/I_EV/I_FELEV/BeagyazottRendszerek/SmartWateringSystem_IPintegrated/SmartWateringSystem_IPintegrated.sdk/design_1_wrapper_hw_platform_0/system.hdf -mem-ranges [list {0x40000000 0xbfffffff}]
configparams force-mem-access 1
targets -set -nocase -filter {name =~"APU*" && jtag_cable_name =~ "Digilent Zybo 210279787621A"} -index 0
stop
ps7_init
----------------End of Script----------------

12:07:07 INFO  : 'targets -set -filter {jtag_cable_name =~ "Digilent Zybo 210279787621A" && level==0} -index 1' command is executed.
12:07:07 INFO  : 'fpga -state' command is executed.
12:07:08 INFO  : Connected to target on host '127.0.0.1' and port '3121'.
12:07:08 INFO  : Jtag cable 'Digilent Zybo 210279787621A' is selected.
12:07:08 INFO  : 'jtag frequency' command is executed.
12:07:08 INFO  : Sourcing of 'C:/Levi_Dok/Egyetem/Mesteri/I_EV/I_FELEV/BeagyazottRendszerek/SmartWateringSystem_IPintegrated/SmartWateringSystem_IPintegrated.sdk/design_1_wrapper_hw_platform_0/ps7_init.tcl' is done.
12:07:08 INFO  : Context for 'APU' is selected.
12:07:08 INFO  : Hardware design information is loaded from 'C:/Levi_Dok/Egyetem/Mesteri/I_EV/I_FELEV/BeagyazottRendszerek/SmartWateringSystem_IPintegrated/SmartWateringSystem_IPintegrated.sdk/design_1_wrapper_hw_platform_0/system.hdf'.
12:07:08 INFO  : 'configparams force-mem-access 1' command is executed.
12:07:08 INFO  : Context for 'APU' is selected.
12:07:08 INFO  : 'stop' command is executed.
12:07:08 ERROR : AP transaction error, DAP status f0000021
12:07:08 INFO  : ----------------XSDB Script----------------
connect -url tcp:127.0.0.1:3121
source C:/Levi_Dok/Egyetem/Mesteri/I_EV/I_FELEV/BeagyazottRendszerek/SmartWateringSystem_IPintegrated/SmartWateringSystem_IPintegrated.sdk/design_1_wrapper_hw_platform_0/ps7_init.tcl
targets -set -nocase -filter {name =~"APU*" && jtag_cable_name =~ "Digilent Zybo 210279787621A"} -index 0
loadhw -hw C:/Levi_Dok/Egyetem/Mesteri/I_EV/I_FELEV/BeagyazottRendszerek/SmartWateringSystem_IPintegrated/SmartWateringSystem_IPintegrated.sdk/design_1_wrapper_hw_platform_0/system.hdf -mem-ranges [list {0x40000000 0xbfffffff}]
configparams force-mem-access 1
targets -set -nocase -filter {name =~"APU*" && jtag_cable_name =~ "Digilent Zybo 210279787621A"} -index 0
stop
ps7_init
----------------End of Script----------------

12:10:54 INFO  : 'targets -set -filter {jtag_cable_name =~ "Digilent Zybo 210279787621A" && level==0} -index 1' command is executed.
12:10:54 INFO  : 'fpga -state' command is executed.
12:11:08 INFO  : Connected to target on host '127.0.0.1' and port '3121'.
12:11:08 INFO  : Jtag cable 'Digilent Zybo 210279787621A' is selected.
12:11:08 INFO  : 'jtag frequency' command is executed.
12:11:08 INFO  : Sourcing of 'C:/Levi_Dok/Egyetem/Mesteri/I_EV/I_FELEV/BeagyazottRendszerek/SmartWateringSystem_IPintegrated/SmartWateringSystem_IPintegrated.sdk/design_1_wrapper_hw_platform_0/ps7_init.tcl' is done.
12:11:08 INFO  : Context for 'APU' is selected.
12:11:09 INFO  : Hardware design information is loaded from 'C:/Levi_Dok/Egyetem/Mesteri/I_EV/I_FELEV/BeagyazottRendszerek/SmartWateringSystem_IPintegrated/SmartWateringSystem_IPintegrated.sdk/design_1_wrapper_hw_platform_0/system.hdf'.
12:11:09 INFO  : 'configparams force-mem-access 1' command is executed.
12:11:09 INFO  : Context for 'APU' is selected.
12:11:09 INFO  : 'stop' command is executed.
12:11:09 INFO  : 'ps7_init' command is executed.
12:11:09 INFO  : 'ps7_post_config' command is executed.
12:11:09 INFO  : Context for processor 'ps7_cortexa9_0' is selected.
12:11:09 INFO  : Processor reset is completed for 'ps7_cortexa9_0'.
12:11:09 INFO  : Context for processor 'ps7_cortexa9_0' is selected.
12:11:09 INFO  : The application 'C:/Levi_Dok/Egyetem/Mesteri/I_EV/I_FELEV/BeagyazottRendszerek/SmartWateringSystem_IPintegrated/SmartWateringSystem_IPintegrated.sdk/Hello_World/Debug/Hello_World.elf' is downloaded to processor 'ps7_cortexa9_0'.
12:11:09 INFO  : 'configparams force-mem-access 0' command is executed.
12:11:09 INFO  : ----------------XSDB Script----------------
connect -url tcp:127.0.0.1:3121
source C:/Levi_Dok/Egyetem/Mesteri/I_EV/I_FELEV/BeagyazottRendszerek/SmartWateringSystem_IPintegrated/SmartWateringSystem_IPintegrated.sdk/design_1_wrapper_hw_platform_0/ps7_init.tcl
targets -set -nocase -filter {name =~"APU*" && jtag_cable_name =~ "Digilent Zybo 210279787621A"} -index 0
loadhw -hw C:/Levi_Dok/Egyetem/Mesteri/I_EV/I_FELEV/BeagyazottRendszerek/SmartWateringSystem_IPintegrated/SmartWateringSystem_IPintegrated.sdk/design_1_wrapper_hw_platform_0/system.hdf -mem-ranges [list {0x40000000 0xbfffffff}]
configparams force-mem-access 1
targets -set -nocase -filter {name =~"APU*" && jtag_cable_name =~ "Digilent Zybo 210279787621A"} -index 0
stop
ps7_init
ps7_post_config
targets -set -nocase -filter {name =~ "ARM*#0" && jtag_cable_name =~ "Digilent Zybo 210279787621A"} -index 0
rst -processor
targets -set -nocase -filter {name =~ "ARM*#0" && jtag_cable_name =~ "Digilent Zybo 210279787621A"} -index 0
dow C:/Levi_Dok/Egyetem/Mesteri/I_EV/I_FELEV/BeagyazottRendszerek/SmartWateringSystem_IPintegrated/SmartWateringSystem_IPintegrated.sdk/Hello_World/Debug/Hello_World.elf
configparams force-mem-access 0
----------------End of Script----------------

12:11:10 INFO  : Memory regions updated for context APU
12:11:10 INFO  : Context for processor 'ps7_cortexa9_0' is selected.
12:11:10 INFO  : 'con' command is executed.
12:11:10 INFO  : ----------------XSDB Script (After Launch)----------------
targets -set -nocase -filter {name =~ "ARM*#0" && jtag_cable_name =~ "Digilent Zybo 210279787621A"} -index 0
con
----------------End of Script----------------

12:11:10 INFO  : Launch script is exported to file 'C:\Levi_Dok\Egyetem\Mesteri\I_EV\I_FELEV\BeagyazottRendszerek\SmartWateringSystem_IPintegrated\SmartWateringSystem_IPintegrated.sdk\.sdk\launch_scripts\xilinx_c-c++_application_(system_debugger)\system_debugger_using_debug_hello_world.elf_on_local.tcl'
12:11:34 INFO  : Disconnected from the channel tcfchan#2.
12:11:35 INFO  : 'targets -set -filter {jtag_cable_name =~ "Digilent Zybo 210279787621A" && level==0} -index 1' command is executed.
12:11:35 INFO  : 'fpga -state' command is executed.
12:11:36 INFO  : Connected to target on host '127.0.0.1' and port '3121'.
12:11:37 INFO  : Jtag cable 'Digilent Zybo 210279787621A' is selected.
12:11:37 INFO  : 'jtag frequency' command is executed.
12:11:37 INFO  : Sourcing of 'C:/Levi_Dok/Egyetem/Mesteri/I_EV/I_FELEV/BeagyazottRendszerek/SmartWateringSystem_IPintegrated/SmartWateringSystem_IPintegrated.sdk/design_1_wrapper_hw_platform_0/ps7_init.tcl' is done.
12:11:37 INFO  : Context for 'APU' is selected.
12:11:39 INFO  : Hardware design information is loaded from 'C:/Levi_Dok/Egyetem/Mesteri/I_EV/I_FELEV/BeagyazottRendszerek/SmartWateringSystem_IPintegrated/SmartWateringSystem_IPintegrated.sdk/design_1_wrapper_hw_platform_0/system.hdf'.
12:11:39 INFO  : 'configparams force-mem-access 1' command is executed.
12:11:39 INFO  : Context for 'APU' is selected.
12:11:39 INFO  : 'stop' command is executed.
12:11:39 ERROR : Memory read error at 0xF8007080. AHB AP transaction error, DAP status f0000021
12:11:39 INFO  : ----------------XSDB Script----------------
connect -url tcp:127.0.0.1:3121
source C:/Levi_Dok/Egyetem/Mesteri/I_EV/I_FELEV/BeagyazottRendszerek/SmartWateringSystem_IPintegrated/SmartWateringSystem_IPintegrated.sdk/design_1_wrapper_hw_platform_0/ps7_init.tcl
targets -set -nocase -filter {name =~"APU*" && jtag_cable_name =~ "Digilent Zybo 210279787621A"} -index 0
loadhw -hw C:/Levi_Dok/Egyetem/Mesteri/I_EV/I_FELEV/BeagyazottRendszerek/SmartWateringSystem_IPintegrated/SmartWateringSystem_IPintegrated.sdk/design_1_wrapper_hw_platform_0/system.hdf -mem-ranges [list {0x40000000 0xbfffffff}]
configparams force-mem-access 1
targets -set -nocase -filter {name =~"APU*" && jtag_cable_name =~ "Digilent Zybo 210279787621A"} -index 0
stop
ps7_init
----------------End of Script----------------

12:49:16 INFO  : Registering command handlers for SDK TCF services
12:49:17 INFO  : Launching XSCT server: xsct.bat -interactive C:\Levi_Dok\Egyetem\Mesteri\I_EV\I_FELEV\BeagyazottRendszerek\SmartWateringSystem_IPintegrated\SmartWateringSystem_IPintegrated.sdk\temp_xsdb_launch_script.tcl
12:49:20 INFO  : XSCT server has started successfully.
12:49:21 INFO  : Processing command line option -hwspec C:/Levi_Dok/Egyetem/Mesteri/I_EV/I_FELEV/BeagyazottRendszerek/SmartWateringSystem_IPintegrated/SmartWateringSystem_IPintegrated.sdk/design_1_wrapper.hdf.
12:49:21 INFO  : Successfully done setting XSCT server connection channel  
12:49:21 INFO  : Checking for hwspec changes in the project design_1_wrapper_hw_platform_0.
12:49:21 INFO  : Successfully done setting SDK workspace  
12:50:04 INFO  : Connected to target on host '127.0.0.1' and port '3121'.
12:50:04 INFO  : 'targets -set -filter {jtag_cable_name =~ "Digilent Zybo 210279787621A" && level==0} -index 1' command is executed.
12:50:05 INFO  : FPGA configured successfully with bitstream "C:/Levi_Dok/Egyetem/Mesteri/I_EV/I_FELEV/BeagyazottRendszerek/SmartWateringSystem_IPintegrated/SmartWateringSystem_IPintegrated.sdk/design_1_wrapper_hw_platform_0/design_1_wrapper.bit"
12:50:38 INFO  : 'targets -set -filter {jtag_cable_name =~ "Digilent Zybo 210279787621A" && level==0} -index 1' command is executed.
12:50:38 INFO  : 'fpga -state' command is executed.
12:50:38 INFO  : Connected to target on host '127.0.0.1' and port '3121'.
12:50:38 INFO  : Jtag cable 'Digilent Zybo 210279787621A' is selected.
12:50:38 INFO  : 'jtag frequency' command is executed.
12:50:38 INFO  : Sourcing of 'C:/Levi_Dok/Egyetem/Mesteri/I_EV/I_FELEV/BeagyazottRendszerek/SmartWateringSystem_IPintegrated/SmartWateringSystem_IPintegrated.sdk/design_1_wrapper_hw_platform_0/ps7_init.tcl' is done.
12:50:38 INFO  : Context for 'APU' is selected.
12:50:38 INFO  : Hardware design information is loaded from 'C:/Levi_Dok/Egyetem/Mesteri/I_EV/I_FELEV/BeagyazottRendszerek/SmartWateringSystem_IPintegrated/SmartWateringSystem_IPintegrated.sdk/design_1_wrapper_hw_platform_0/system.hdf'.
12:50:38 INFO  : 'configparams force-mem-access 1' command is executed.
12:50:39 INFO  : Context for 'APU' is selected.
12:50:39 INFO  : 'stop' command is executed.
12:50:39 INFO  : 'ps7_init' command is executed.
12:50:39 INFO  : 'ps7_post_config' command is executed.
12:50:39 INFO  : Context for processor 'ps7_cortexa9_0' is selected.
12:50:39 INFO  : Processor reset is completed for 'ps7_cortexa9_0'.
12:50:39 INFO  : Context for processor 'ps7_cortexa9_0' is selected.
12:50:39 INFO  : The application 'C:/Levi_Dok/Egyetem/Mesteri/I_EV/I_FELEV/BeagyazottRendszerek/SmartWateringSystem_IPintegrated/SmartWateringSystem_IPintegrated.sdk/SmartWateringSystemSoftware/Debug/SmartWateringSystemSoftware.elf' is downloaded to processor 'ps7_cortexa9_0'.
12:50:39 INFO  : 'configparams force-mem-access 0' command is executed.
12:50:39 INFO  : ----------------XSDB Script----------------
connect -url tcp:127.0.0.1:3121
source C:/Levi_Dok/Egyetem/Mesteri/I_EV/I_FELEV/BeagyazottRendszerek/SmartWateringSystem_IPintegrated/SmartWateringSystem_IPintegrated.sdk/design_1_wrapper_hw_platform_0/ps7_init.tcl
targets -set -nocase -filter {name =~"APU*" && jtag_cable_name =~ "Digilent Zybo 210279787621A"} -index 0
loadhw -hw C:/Levi_Dok/Egyetem/Mesteri/I_EV/I_FELEV/BeagyazottRendszerek/SmartWateringSystem_IPintegrated/SmartWateringSystem_IPintegrated.sdk/design_1_wrapper_hw_platform_0/system.hdf -mem-ranges [list {0x40000000 0xbfffffff}]
configparams force-mem-access 1
targets -set -nocase -filter {name =~"APU*" && jtag_cable_name =~ "Digilent Zybo 210279787621A"} -index 0
stop
ps7_init
ps7_post_config
targets -set -nocase -filter {name =~ "ARM*#0" && jtag_cable_name =~ "Digilent Zybo 210279787621A"} -index 0
rst -processor
targets -set -nocase -filter {name =~ "ARM*#0" && jtag_cable_name =~ "Digilent Zybo 210279787621A"} -index 0
dow C:/Levi_Dok/Egyetem/Mesteri/I_EV/I_FELEV/BeagyazottRendszerek/SmartWateringSystem_IPintegrated/SmartWateringSystem_IPintegrated.sdk/SmartWateringSystemSoftware/Debug/SmartWateringSystemSoftware.elf
configparams force-mem-access 0
----------------End of Script----------------

12:50:39 INFO  : Memory regions updated for context APU
12:50:40 INFO  : Context for processor 'ps7_cortexa9_0' is selected.
12:50:40 INFO  : 'con' command is executed.
12:50:40 INFO  : ----------------XSDB Script (After Launch)----------------
targets -set -nocase -filter {name =~ "ARM*#0" && jtag_cable_name =~ "Digilent Zybo 210279787621A"} -index 0
con
----------------End of Script----------------

12:50:40 INFO  : Launch script is exported to file 'C:\Levi_Dok\Egyetem\Mesteri\I_EV\I_FELEV\BeagyazottRendszerek\SmartWateringSystem_IPintegrated\SmartWateringSystem_IPintegrated.sdk\.sdk\launch_scripts\xilinx_c-c++_application_(system_debugger)\system_debugger_using_debug_smartwateringsystemsoftware.elf_on_local.tcl'
12:57:31 INFO  : Disconnected from the channel tcfchan#1.
14:30:39 INFO  : Registering command handlers for SDK TCF services
14:30:40 INFO  : Launching XSCT server: xsct.bat -interactive C:\Levi_Dok\Egyetem\Mesteri\I_EV\I_FELEV\BeagyazottRendszerek\SmartWateringSystem_IPintegrated\SmartWateringSystem_IPintegrated.sdk\temp_xsdb_launch_script.tcl
14:30:44 INFO  : XSCT server has started successfully.
14:30:47 INFO  : Processing command line option -hwspec C:/Levi_Dok/Egyetem/Mesteri/I_EV/I_FELEV/BeagyazottRendszerek/SmartWateringSystem_IPintegrated/SmartWateringSystem_IPintegrated.sdk/design_1_wrapper.hdf.
14:30:47 INFO  : Successfully done setting XSCT server connection channel  
14:30:47 INFO  : Successfully done setting SDK workspace  
14:30:47 INFO  : Checking for hwspec changes in the project design_1_wrapper_hw_platform_0.
14:31:11 INFO  : Connected to target on host '127.0.0.1' and port '3121'.
14:31:13 INFO  : 'targets -set -filter {jtag_cable_name =~ "Digilent Zybo 210279787621A" && level==0} -index 1' command is executed.
14:31:14 INFO  : FPGA configured successfully with bitstream "C:/Levi_Dok/Egyetem/Mesteri/I_EV/I_FELEV/BeagyazottRendszerek/SmartWateringSystem_IPintegrated/SmartWateringSystem_IPintegrated.sdk/design_1_wrapper_hw_platform_0/design_1_wrapper.bit"
14:33:39 INFO  : 'targets -set -filter {jtag_cable_name =~ "Digilent Zybo 210279787621A" && level==0} -index 1' command is executed.
14:33:39 INFO  : 'fpga -state' command is executed.
14:33:39 INFO  : Connected to target on host '127.0.0.1' and port '3121'.
14:33:40 INFO  : Jtag cable 'Digilent Zybo 210279787621A' is selected.
14:33:40 INFO  : 'jtag frequency' command is executed.
14:33:40 INFO  : Sourcing of 'C:/Levi_Dok/Egyetem/Mesteri/I_EV/I_FELEV/BeagyazottRendszerek/SmartWateringSystem_IPintegrated/SmartWateringSystem_IPintegrated.sdk/design_1_wrapper_hw_platform_0/ps7_init.tcl' is done.
14:33:40 INFO  : Context for 'APU' is selected.
14:33:40 INFO  : Hardware design information is loaded from 'C:/Levi_Dok/Egyetem/Mesteri/I_EV/I_FELEV/BeagyazottRendszerek/SmartWateringSystem_IPintegrated/SmartWateringSystem_IPintegrated.sdk/design_1_wrapper_hw_platform_0/system.hdf'.
14:33:40 INFO  : 'configparams force-mem-access 1' command is executed.
14:33:40 INFO  : Context for 'APU' is selected.
14:33:40 INFO  : 'stop' command is executed.
14:33:41 INFO  : 'ps7_init' command is executed.
14:33:41 INFO  : 'ps7_post_config' command is executed.
14:33:41 INFO  : Context for processor 'ps7_cortexa9_0' is selected.
14:33:41 INFO  : Processor reset is completed for 'ps7_cortexa9_0'.
14:33:41 INFO  : Context for processor 'ps7_cortexa9_0' is selected.
14:33:41 INFO  : The application 'C:/Levi_Dok/Egyetem/Mesteri/I_EV/I_FELEV/BeagyazottRendszerek/SmartWateringSystem_IPintegrated/SmartWateringSystem_IPintegrated.sdk/SmartWateringSystemSoftware/Debug/SmartWateringSystemSoftware.elf' is downloaded to processor 'ps7_cortexa9_0'.
14:33:41 INFO  : 'configparams force-mem-access 0' command is executed.
14:33:41 INFO  : ----------------XSDB Script----------------
connect -url tcp:127.0.0.1:3121
source C:/Levi_Dok/Egyetem/Mesteri/I_EV/I_FELEV/BeagyazottRendszerek/SmartWateringSystem_IPintegrated/SmartWateringSystem_IPintegrated.sdk/design_1_wrapper_hw_platform_0/ps7_init.tcl
targets -set -nocase -filter {name =~"APU*" && jtag_cable_name =~ "Digilent Zybo 210279787621A"} -index 0
loadhw -hw C:/Levi_Dok/Egyetem/Mesteri/I_EV/I_FELEV/BeagyazottRendszerek/SmartWateringSystem_IPintegrated/SmartWateringSystem_IPintegrated.sdk/design_1_wrapper_hw_platform_0/system.hdf -mem-ranges [list {0x40000000 0xbfffffff}]
configparams force-mem-access 1
targets -set -nocase -filter {name =~"APU*" && jtag_cable_name =~ "Digilent Zybo 210279787621A"} -index 0
stop
ps7_init
ps7_post_config
targets -set -nocase -filter {name =~ "ARM*#0" && jtag_cable_name =~ "Digilent Zybo 210279787621A"} -index 0
rst -processor
targets -set -nocase -filter {name =~ "ARM*#0" && jtag_cable_name =~ "Digilent Zybo 210279787621A"} -index 0
dow C:/Levi_Dok/Egyetem/Mesteri/I_EV/I_FELEV/BeagyazottRendszerek/SmartWateringSystem_IPintegrated/SmartWateringSystem_IPintegrated.sdk/SmartWateringSystemSoftware/Debug/SmartWateringSystemSoftware.elf
configparams force-mem-access 0
----------------End of Script----------------

14:33:41 INFO  : Memory regions updated for context APU
14:33:41 INFO  : Context for processor 'ps7_cortexa9_0' is selected.
14:33:42 INFO  : 'con' command is executed.
14:33:42 INFO  : ----------------XSDB Script (After Launch)----------------
targets -set -nocase -filter {name =~ "ARM*#0" && jtag_cable_name =~ "Digilent Zybo 210279787621A"} -index 0
con
----------------End of Script----------------

14:33:42 INFO  : Launch script is exported to file 'C:\Levi_Dok\Egyetem\Mesteri\I_EV\I_FELEV\BeagyazottRendszerek\SmartWateringSystem_IPintegrated\SmartWateringSystem_IPintegrated.sdk\.sdk\launch_scripts\xilinx_c-c++_application_(system_debugger)\system_debugger_using_debug_smartwateringsystemsoftware.elf_on_local.tcl'
14:35:05 INFO  : Connected to target on host '127.0.0.1' and port '3121'.
14:35:06 INFO  : 'targets -set -filter {jtag_cable_name =~ "Digilent Zybo 210279787621A" && level==0} -index 1' command is executed.
14:35:07 INFO  : FPGA configured successfully with bitstream "C:/Levi_Dok/Egyetem/Mesteri/I_EV/I_FELEV/BeagyazottRendszerek/SmartWateringSystem_IPintegrated/SmartWateringSystem_IPintegrated.sdk/design_1_wrapper_hw_platform_0/design_1_wrapper.bit"
14:35:34 INFO  : Disconnected from the channel tcfchan#1.
14:35:35 INFO  : 'targets -set -filter {jtag_cable_name =~ "Digilent Zybo 210279787621A" && level==0} -index 1' command is executed.
14:35:35 INFO  : 'fpga -state' command is executed.
14:35:35 INFO  : Connected to target on host '127.0.0.1' and port '3121'.
14:35:36 INFO  : Jtag cable 'Digilent Zybo 210279787621A' is selected.
14:35:36 INFO  : 'jtag frequency' command is executed.
14:35:36 INFO  : Sourcing of 'C:/Levi_Dok/Egyetem/Mesteri/I_EV/I_FELEV/BeagyazottRendszerek/SmartWateringSystem_IPintegrated/SmartWateringSystem_IPintegrated.sdk/design_1_wrapper_hw_platform_0/ps7_init.tcl' is done.
14:35:36 INFO  : Context for 'APU' is selected.
14:35:38 INFO  : Hardware design information is loaded from 'C:/Levi_Dok/Egyetem/Mesteri/I_EV/I_FELEV/BeagyazottRendszerek/SmartWateringSystem_IPintegrated/SmartWateringSystem_IPintegrated.sdk/design_1_wrapper_hw_platform_0/system.hdf'.
14:35:38 INFO  : 'configparams force-mem-access 1' command is executed.
14:35:38 INFO  : Context for 'APU' is selected.
14:35:38 INFO  : 'stop' command is executed.
14:35:39 INFO  : 'ps7_init' command is executed.
14:35:39 INFO  : 'ps7_post_config' command is executed.
14:35:39 INFO  : Context for processor 'ps7_cortexa9_0' is selected.
14:35:39 INFO  : Processor reset is completed for 'ps7_cortexa9_0'.
14:35:39 INFO  : Context for processor 'ps7_cortexa9_0' is selected.
14:35:39 INFO  : The application 'C:/Levi_Dok/Egyetem/Mesteri/I_EV/I_FELEV/BeagyazottRendszerek/SmartWateringSystem_IPintegrated/SmartWateringSystem_IPintegrated.sdk/SmartWateringSystemSoftware/Debug/SmartWateringSystemSoftware.elf' is downloaded to processor 'ps7_cortexa9_0'.
14:35:39 INFO  : 'configparams force-mem-access 0' command is executed.
14:35:39 INFO  : ----------------XSDB Script----------------
connect -url tcp:127.0.0.1:3121
source C:/Levi_Dok/Egyetem/Mesteri/I_EV/I_FELEV/BeagyazottRendszerek/SmartWateringSystem_IPintegrated/SmartWateringSystem_IPintegrated.sdk/design_1_wrapper_hw_platform_0/ps7_init.tcl
targets -set -nocase -filter {name =~"APU*" && jtag_cable_name =~ "Digilent Zybo 210279787621A"} -index 0
loadhw -hw C:/Levi_Dok/Egyetem/Mesteri/I_EV/I_FELEV/BeagyazottRendszerek/SmartWateringSystem_IPintegrated/SmartWateringSystem_IPintegrated.sdk/design_1_wrapper_hw_platform_0/system.hdf -mem-ranges [list {0x40000000 0xbfffffff}]
configparams force-mem-access 1
targets -set -nocase -filter {name =~"APU*" && jtag_cable_name =~ "Digilent Zybo 210279787621A"} -index 0
stop
ps7_init
ps7_post_config
targets -set -nocase -filter {name =~ "ARM*#0" && jtag_cable_name =~ "Digilent Zybo 210279787621A"} -index 0
rst -processor
targets -set -nocase -filter {name =~ "ARM*#0" && jtag_cable_name =~ "Digilent Zybo 210279787621A"} -index 0
dow C:/Levi_Dok/Egyetem/Mesteri/I_EV/I_FELEV/BeagyazottRendszerek/SmartWateringSystem_IPintegrated/SmartWateringSystem_IPintegrated.sdk/SmartWateringSystemSoftware/Debug/SmartWateringSystemSoftware.elf
configparams force-mem-access 0
----------------End of Script----------------

14:35:39 INFO  : Memory regions updated for context APU
14:35:39 INFO  : Context for processor 'ps7_cortexa9_0' is selected.
14:35:39 INFO  : 'con' command is executed.
14:35:39 INFO  : ----------------XSDB Script (After Launch)----------------
targets -set -nocase -filter {name =~ "ARM*#0" && jtag_cable_name =~ "Digilent Zybo 210279787621A"} -index 0
con
----------------End of Script----------------

14:35:39 INFO  : Launch script is exported to file 'C:\Levi_Dok\Egyetem\Mesteri\I_EV\I_FELEV\BeagyazottRendszerek\SmartWateringSystem_IPintegrated\SmartWateringSystem_IPintegrated.sdk\.sdk\launch_scripts\xilinx_c-c++_application_(system_debugger)\system_debugger_using_debug_smartwateringsystemsoftware.elf_on_local.tcl'
14:40:43 INFO  : Disconnected from the channel tcfchan#2.
14:40:44 INFO  : 'targets -set -filter {jtag_cable_name =~ "Digilent Zybo 210279787621A" && level==0} -index 1' command is executed.
14:40:44 INFO  : 'fpga -state' command is executed.
14:40:44 INFO  : Connected to target on host '127.0.0.1' and port '3121'.
14:40:45 INFO  : Jtag cable 'Digilent Zybo 210279787621A' is selected.
14:40:45 INFO  : 'jtag frequency' command is executed.
14:40:45 INFO  : Sourcing of 'C:/Levi_Dok/Egyetem/Mesteri/I_EV/I_FELEV/BeagyazottRendszerek/SmartWateringSystem_IPintegrated/SmartWateringSystem_IPintegrated.sdk/design_1_wrapper_hw_platform_0/ps7_init.tcl' is done.
14:40:45 INFO  : Context for 'APU' is selected.
14:40:47 INFO  : Hardware design information is loaded from 'C:/Levi_Dok/Egyetem/Mesteri/I_EV/I_FELEV/BeagyazottRendszerek/SmartWateringSystem_IPintegrated/SmartWateringSystem_IPintegrated.sdk/design_1_wrapper_hw_platform_0/system.hdf'.
14:40:47 INFO  : 'configparams force-mem-access 1' command is executed.
14:40:47 INFO  : Context for 'APU' is selected.
14:40:47 INFO  : 'stop' command is executed.
14:40:47 ERROR : Memory read error at 0xF8007080. AHB AP transaction error, DAP status f0000021
14:40:47 INFO  : ----------------XSDB Script----------------
connect -url tcp:127.0.0.1:3121
source C:/Levi_Dok/Egyetem/Mesteri/I_EV/I_FELEV/BeagyazottRendszerek/SmartWateringSystem_IPintegrated/SmartWateringSystem_IPintegrated.sdk/design_1_wrapper_hw_platform_0/ps7_init.tcl
targets -set -nocase -filter {name =~"APU*" && jtag_cable_name =~ "Digilent Zybo 210279787621A"} -index 0
loadhw -hw C:/Levi_Dok/Egyetem/Mesteri/I_EV/I_FELEV/BeagyazottRendszerek/SmartWateringSystem_IPintegrated/SmartWateringSystem_IPintegrated.sdk/design_1_wrapper_hw_platform_0/system.hdf -mem-ranges [list {0x40000000 0xbfffffff}]
configparams force-mem-access 1
targets -set -nocase -filter {name =~"APU*" && jtag_cable_name =~ "Digilent Zybo 210279787621A"} -index 0
stop
ps7_init
----------------End of Script----------------

14:41:12 INFO  : 'targets -set -filter {jtag_cable_name =~ "Digilent Zybo 210279787621A" && level==0} -index 1' command is executed.
14:41:12 INFO  : 'fpga -state' command is executed.
14:41:12 INFO  : Connected to target on host '127.0.0.1' and port '3121'.
14:41:13 INFO  : Jtag cable 'Digilent Zybo 210279787621A' is selected.
14:41:13 INFO  : 'jtag frequency' command is executed.
14:41:13 INFO  : Sourcing of 'C:/Levi_Dok/Egyetem/Mesteri/I_EV/I_FELEV/BeagyazottRendszerek/SmartWateringSystem_IPintegrated/SmartWateringSystem_IPintegrated.sdk/design_1_wrapper_hw_platform_0/ps7_init.tcl' is done.
14:41:13 INFO  : Context for 'APU' is selected.
14:41:13 INFO  : Hardware design information is loaded from 'C:/Levi_Dok/Egyetem/Mesteri/I_EV/I_FELEV/BeagyazottRendszerek/SmartWateringSystem_IPintegrated/SmartWateringSystem_IPintegrated.sdk/design_1_wrapper_hw_platform_0/system.hdf'.
14:41:13 INFO  : 'configparams force-mem-access 1' command is executed.
14:41:13 INFO  : Context for 'APU' is selected.
14:41:13 INFO  : 'stop' command is executed.
14:41:13 ERROR : AP transaction error, DAP status f0000021
14:41:13 INFO  : ----------------XSDB Script----------------
connect -url tcp:127.0.0.1:3121
source C:/Levi_Dok/Egyetem/Mesteri/I_EV/I_FELEV/BeagyazottRendszerek/SmartWateringSystem_IPintegrated/SmartWateringSystem_IPintegrated.sdk/design_1_wrapper_hw_platform_0/ps7_init.tcl
targets -set -nocase -filter {name =~"APU*" && jtag_cable_name =~ "Digilent Zybo 210279787621A"} -index 0
loadhw -hw C:/Levi_Dok/Egyetem/Mesteri/I_EV/I_FELEV/BeagyazottRendszerek/SmartWateringSystem_IPintegrated/SmartWateringSystem_IPintegrated.sdk/design_1_wrapper_hw_platform_0/system.hdf -mem-ranges [list {0x40000000 0xbfffffff}]
configparams force-mem-access 1
targets -set -nocase -filter {name =~"APU*" && jtag_cable_name =~ "Digilent Zybo 210279787621A"} -index 0
stop
ps7_init
----------------End of Script----------------

14:41:32 INFO  : 'targets -set -filter {jtag_cable_name =~ "Digilent Zybo 210279787621A" && level==0} -index 1' command is executed.
14:41:32 INFO  : 'fpga -state' command is executed.
14:41:32 INFO  : Connected to target on host '127.0.0.1' and port '3121'.
14:41:33 INFO  : Jtag cable 'Digilent Zybo 210279787621A' is selected.
14:41:33 INFO  : 'jtag frequency' command is executed.
14:41:33 INFO  : Sourcing of 'C:/Levi_Dok/Egyetem/Mesteri/I_EV/I_FELEV/BeagyazottRendszerek/SmartWateringSystem_IPintegrated/SmartWateringSystem_IPintegrated.sdk/design_1_wrapper_hw_platform_0/ps7_init.tcl' is done.
14:41:33 INFO  : Context for 'APU' is selected.
14:41:33 INFO  : Hardware design information is loaded from 'C:/Levi_Dok/Egyetem/Mesteri/I_EV/I_FELEV/BeagyazottRendszerek/SmartWateringSystem_IPintegrated/SmartWateringSystem_IPintegrated.sdk/design_1_wrapper_hw_platform_0/system.hdf'.
14:41:33 INFO  : 'configparams force-mem-access 1' command is executed.
14:41:33 INFO  : Context for 'APU' is selected.
14:41:33 INFO  : 'stop' command is executed.
14:41:33 ERROR : AP transaction error, DAP status f0000021
14:41:33 INFO  : ----------------XSDB Script----------------
connect -url tcp:127.0.0.1:3121
source C:/Levi_Dok/Egyetem/Mesteri/I_EV/I_FELEV/BeagyazottRendszerek/SmartWateringSystem_IPintegrated/SmartWateringSystem_IPintegrated.sdk/design_1_wrapper_hw_platform_0/ps7_init.tcl
targets -set -nocase -filter {name =~"APU*" && jtag_cable_name =~ "Digilent Zybo 210279787621A"} -index 0
loadhw -hw C:/Levi_Dok/Egyetem/Mesteri/I_EV/I_FELEV/BeagyazottRendszerek/SmartWateringSystem_IPintegrated/SmartWateringSystem_IPintegrated.sdk/design_1_wrapper_hw_platform_0/system.hdf -mem-ranges [list {0x40000000 0xbfffffff}]
configparams force-mem-access 1
targets -set -nocase -filter {name =~"APU*" && jtag_cable_name =~ "Digilent Zybo 210279787621A"} -index 0
stop
ps7_init
----------------End of Script----------------

14:41:41 INFO  : Connected to target on host '127.0.0.1' and port '3121'.
14:41:42 INFO  : 'targets -set -filter {jtag_cable_name =~ "Digilent Zybo 210279787621A" && level==0} -index 1' command is executed.
14:41:44 ERROR : fpga configuration failed. DONE PIN is not HIGH
14:41:58 INFO  : Connected to target on host '127.0.0.1' and port '3121'.
14:41:58 INFO  : 'targets -set -filter {jtag_cable_name =~ "Digilent Zybo 210279787621A" && level==0} -index 1' command is executed.
14:42:01 ERROR : fpga configuration failed. DONE PIN is not HIGH
14:43:06 INFO  : Connected to target on host '127.0.0.1' and port '3121'.
14:43:07 INFO  : 'targets -set -filter {jtag_cable_name =~ "Digilent Zybo 210279787621A" && level==0} -index 1' command is executed.
14:43:08 INFO  : FPGA configured successfully with bitstream "C:/Levi_Dok/Egyetem/Mesteri/I_EV/I_FELEV/BeagyazottRendszerek/SmartWateringSystem_IPintegrated/SmartWateringSystem_IPintegrated.sdk/design_1_wrapper_hw_platform_0/design_1_wrapper.bit"
14:43:13 INFO  : Connected to target on host '127.0.0.1' and port '3121'.
14:43:13 INFO  : 'targets -set -filter {jtag_cable_name =~ "Digilent Zybo 210279787621A" && level==0} -index 1' command is executed.
14:43:15 INFO  : FPGA configured successfully with bitstream "C:/Levi_Dok/Egyetem/Mesteri/I_EV/I_FELEV/BeagyazottRendszerek/SmartWateringSystem_IPintegrated/SmartWateringSystem_IPintegrated.sdk/design_1_wrapper_hw_platform_0/design_1_wrapper.bit"
14:43:29 INFO  : 'targets -set -filter {jtag_cable_name =~ "Digilent Zybo 210279787621A" && level==0} -index 1' command is executed.
14:43:29 INFO  : 'fpga -state' command is executed.
14:43:29 INFO  : Connected to target on host '127.0.0.1' and port '3121'.
14:43:30 INFO  : Jtag cable 'Digilent Zybo 210279787621A' is selected.
14:43:30 INFO  : 'jtag frequency' command is executed.
14:43:30 INFO  : Sourcing of 'C:/Levi_Dok/Egyetem/Mesteri/I_EV/I_FELEV/BeagyazottRendszerek/SmartWateringSystem_IPintegrated/SmartWateringSystem_IPintegrated.sdk/design_1_wrapper_hw_platform_0/ps7_init.tcl' is done.
14:43:30 INFO  : Context for 'APU' is selected.
14:43:30 INFO  : Hardware design information is loaded from 'C:/Levi_Dok/Egyetem/Mesteri/I_EV/I_FELEV/BeagyazottRendszerek/SmartWateringSystem_IPintegrated/SmartWateringSystem_IPintegrated.sdk/design_1_wrapper_hw_platform_0/system.hdf'.
14:43:30 INFO  : 'configparams force-mem-access 1' command is executed.
14:43:30 INFO  : Context for 'APU' is selected.
14:43:30 INFO  : 'stop' command is executed.
14:43:31 INFO  : 'ps7_init' command is executed.
14:43:31 INFO  : 'ps7_post_config' command is executed.
14:43:31 INFO  : Context for processor 'ps7_cortexa9_0' is selected.
14:43:31 INFO  : Processor reset is completed for 'ps7_cortexa9_0'.
14:43:31 INFO  : Context for processor 'ps7_cortexa9_0' is selected.
14:43:31 INFO  : The application 'C:/Levi_Dok/Egyetem/Mesteri/I_EV/I_FELEV/BeagyazottRendszerek/SmartWateringSystem_IPintegrated/SmartWateringSystem_IPintegrated.sdk/SmartWateringSystemSoftware/Debug/SmartWateringSystemSoftware.elf' is downloaded to processor 'ps7_cortexa9_0'.
14:43:31 INFO  : 'configparams force-mem-access 0' command is executed.
14:43:31 INFO  : ----------------XSDB Script----------------
connect -url tcp:127.0.0.1:3121
source C:/Levi_Dok/Egyetem/Mesteri/I_EV/I_FELEV/BeagyazottRendszerek/SmartWateringSystem_IPintegrated/SmartWateringSystem_IPintegrated.sdk/design_1_wrapper_hw_platform_0/ps7_init.tcl
targets -set -nocase -filter {name =~"APU*" && jtag_cable_name =~ "Digilent Zybo 210279787621A"} -index 0
loadhw -hw C:/Levi_Dok/Egyetem/Mesteri/I_EV/I_FELEV/BeagyazottRendszerek/SmartWateringSystem_IPintegrated/SmartWateringSystem_IPintegrated.sdk/design_1_wrapper_hw_platform_0/system.hdf -mem-ranges [list {0x40000000 0xbfffffff}]
configparams force-mem-access 1
targets -set -nocase -filter {name =~"APU*" && jtag_cable_name =~ "Digilent Zybo 210279787621A"} -index 0
stop
ps7_init
ps7_post_config
targets -set -nocase -filter {name =~ "ARM*#0" && jtag_cable_name =~ "Digilent Zybo 210279787621A"} -index 0
rst -processor
targets -set -nocase -filter {name =~ "ARM*#0" && jtag_cable_name =~ "Digilent Zybo 210279787621A"} -index 0
dow C:/Levi_Dok/Egyetem/Mesteri/I_EV/I_FELEV/BeagyazottRendszerek/SmartWateringSystem_IPintegrated/SmartWateringSystem_IPintegrated.sdk/SmartWateringSystemSoftware/Debug/SmartWateringSystemSoftware.elf
configparams force-mem-access 0
----------------End of Script----------------

14:43:31 INFO  : Memory regions updated for context APU
14:43:31 INFO  : Context for processor 'ps7_cortexa9_0' is selected.
14:43:31 INFO  : 'con' command is executed.
14:43:31 INFO  : ----------------XSDB Script (After Launch)----------------
targets -set -nocase -filter {name =~ "ARM*#0" && jtag_cable_name =~ "Digilent Zybo 210279787621A"} -index 0
con
----------------End of Script----------------

14:43:31 INFO  : Launch script is exported to file 'C:\Levi_Dok\Egyetem\Mesteri\I_EV\I_FELEV\BeagyazottRendszerek\SmartWateringSystem_IPintegrated\SmartWateringSystem_IPintegrated.sdk\.sdk\launch_scripts\xilinx_c-c++_application_(system_debugger)\system_debugger_using_debug_smartwateringsystemsoftware.elf_on_local.tcl'
14:44:44 INFO  : Connected to target on host '127.0.0.1' and port '3121'.
14:44:44 INFO  : 'targets -set -filter {jtag_cable_name =~ "Digilent Zybo 210279787621A" && level==0} -index 1' command is executed.
14:44:46 INFO  : FPGA configured successfully with bitstream "C:/Levi_Dok/Egyetem/Mesteri/I_EV/I_FELEV/BeagyazottRendszerek/SmartWateringSystem_IPintegrated/SmartWateringSystem_IPintegrated.sdk/design_1_wrapper_hw_platform_0/design_1_wrapper.bit"
14:44:55 INFO  : Disconnected from the channel tcfchan#3.
14:44:56 INFO  : 'targets -set -filter {jtag_cable_name =~ "Digilent Zybo 210279787621A" && level==0} -index 1' command is executed.
14:44:56 INFO  : 'fpga -state' command is executed.
14:44:56 INFO  : Connected to target on host '127.0.0.1' and port '3121'.
14:44:56 INFO  : Jtag cable 'Digilent Zybo 210279787621A' is selected.
14:44:56 INFO  : 'jtag frequency' command is executed.
14:44:56 INFO  : Sourcing of 'C:/Levi_Dok/Egyetem/Mesteri/I_EV/I_FELEV/BeagyazottRendszerek/SmartWateringSystem_IPintegrated/SmartWateringSystem_IPintegrated.sdk/design_1_wrapper_hw_platform_0/ps7_init.tcl' is done.
14:44:56 INFO  : Context for 'APU' is selected.
14:44:59 INFO  : Hardware design information is loaded from 'C:/Levi_Dok/Egyetem/Mesteri/I_EV/I_FELEV/BeagyazottRendszerek/SmartWateringSystem_IPintegrated/SmartWateringSystem_IPintegrated.sdk/design_1_wrapper_hw_platform_0/system.hdf'.
14:44:59 INFO  : 'configparams force-mem-access 1' command is executed.
14:44:59 INFO  : Context for 'APU' is selected.
14:44:59 INFO  : 'stop' command is executed.
14:44:59 ERROR : Memory read error at 0xF8007080. AHB AP transaction error, DAP status f0000021
14:44:59 INFO  : ----------------XSDB Script----------------
connect -url tcp:127.0.0.1:3121
source C:/Levi_Dok/Egyetem/Mesteri/I_EV/I_FELEV/BeagyazottRendszerek/SmartWateringSystem_IPintegrated/SmartWateringSystem_IPintegrated.sdk/design_1_wrapper_hw_platform_0/ps7_init.tcl
targets -set -nocase -filter {name =~"APU*" && jtag_cable_name =~ "Digilent Zybo 210279787621A"} -index 0
loadhw -hw C:/Levi_Dok/Egyetem/Mesteri/I_EV/I_FELEV/BeagyazottRendszerek/SmartWateringSystem_IPintegrated/SmartWateringSystem_IPintegrated.sdk/design_1_wrapper_hw_platform_0/system.hdf -mem-ranges [list {0x40000000 0xbfffffff}]
configparams force-mem-access 1
targets -set -nocase -filter {name =~"APU*" && jtag_cable_name =~ "Digilent Zybo 210279787621A"} -index 0
stop
ps7_init
----------------End of Script----------------

14:46:10 INFO  : Connected to target on host '127.0.0.1' and port '3121'.
14:46:11 INFO  : 'targets -set -filter {jtag_cable_name =~ "Digilent Zybo 210279787621A" && level==0} -index 1' command is executed.
14:46:12 INFO  : FPGA configured successfully with bitstream "C:/Levi_Dok/Egyetem/Mesteri/I_EV/I_FELEV/BeagyazottRendszerek/SmartWateringSystem_IPintegrated/SmartWateringSystem_IPintegrated.sdk/design_1_wrapper_hw_platform_0/design_1_wrapper.bit"
14:46:32 INFO  : 'targets -set -filter {jtag_cable_name =~ "Digilent Zybo 210279787621A" && level==0} -index 1' command is executed.
14:46:32 INFO  : 'fpga -state' command is executed.
14:46:33 INFO  : Connected to target on host '127.0.0.1' and port '3121'.
14:46:33 INFO  : Jtag cable 'Digilent Zybo 210279787621A' is selected.
14:46:33 INFO  : 'jtag frequency' command is executed.
14:46:33 INFO  : Sourcing of 'C:/Levi_Dok/Egyetem/Mesteri/I_EV/I_FELEV/BeagyazottRendszerek/SmartWateringSystem_IPintegrated/SmartWateringSystem_IPintegrated.sdk/design_1_wrapper_hw_platform_0/ps7_init.tcl' is done.
14:46:33 INFO  : Context for 'APU' is selected.
14:46:33 INFO  : Hardware design information is loaded from 'C:/Levi_Dok/Egyetem/Mesteri/I_EV/I_FELEV/BeagyazottRendszerek/SmartWateringSystem_IPintegrated/SmartWateringSystem_IPintegrated.sdk/design_1_wrapper_hw_platform_0/system.hdf'.
14:46:33 INFO  : 'configparams force-mem-access 1' command is executed.
14:46:33 INFO  : Context for 'APU' is selected.
14:46:33 INFO  : 'stop' command is executed.
14:46:34 INFO  : 'ps7_init' command is executed.
14:46:34 INFO  : 'ps7_post_config' command is executed.
14:46:34 INFO  : Context for processor 'ps7_cortexa9_0' is selected.
14:46:34 INFO  : Processor reset is completed for 'ps7_cortexa9_0'.
14:46:34 INFO  : Context for processor 'ps7_cortexa9_0' is selected.
14:46:34 INFO  : The application 'C:/Levi_Dok/Egyetem/Mesteri/I_EV/I_FELEV/BeagyazottRendszerek/SmartWateringSystem_IPintegrated/SmartWateringSystem_IPintegrated.sdk/SmartWateringSystemSoftware/Debug/SmartWateringSystemSoftware.elf' is downloaded to processor 'ps7_cortexa9_0'.
14:46:34 INFO  : 'configparams force-mem-access 0' command is executed.
14:46:34 INFO  : ----------------XSDB Script----------------
connect -url tcp:127.0.0.1:3121
source C:/Levi_Dok/Egyetem/Mesteri/I_EV/I_FELEV/BeagyazottRendszerek/SmartWateringSystem_IPintegrated/SmartWateringSystem_IPintegrated.sdk/design_1_wrapper_hw_platform_0/ps7_init.tcl
targets -set -nocase -filter {name =~"APU*" && jtag_cable_name =~ "Digilent Zybo 210279787621A"} -index 0
loadhw -hw C:/Levi_Dok/Egyetem/Mesteri/I_EV/I_FELEV/BeagyazottRendszerek/SmartWateringSystem_IPintegrated/SmartWateringSystem_IPintegrated.sdk/design_1_wrapper_hw_platform_0/system.hdf -mem-ranges [list {0x40000000 0xbfffffff}]
configparams force-mem-access 1
targets -set -nocase -filter {name =~"APU*" && jtag_cable_name =~ "Digilent Zybo 210279787621A"} -index 0
stop
ps7_init
ps7_post_config
targets -set -nocase -filter {name =~ "ARM*#0" && jtag_cable_name =~ "Digilent Zybo 210279787621A"} -index 0
rst -processor
targets -set -nocase -filter {name =~ "ARM*#0" && jtag_cable_name =~ "Digilent Zybo 210279787621A"} -index 0
dow C:/Levi_Dok/Egyetem/Mesteri/I_EV/I_FELEV/BeagyazottRendszerek/SmartWateringSystem_IPintegrated/SmartWateringSystem_IPintegrated.sdk/SmartWateringSystemSoftware/Debug/SmartWateringSystemSoftware.elf
configparams force-mem-access 0
----------------End of Script----------------

14:46:34 INFO  : Memory regions updated for context APU
14:46:34 INFO  : Context for processor 'ps7_cortexa9_0' is selected.
14:46:34 INFO  : 'con' command is executed.
14:46:34 INFO  : ----------------XSDB Script (After Launch)----------------
targets -set -nocase -filter {name =~ "ARM*#0" && jtag_cable_name =~ "Digilent Zybo 210279787621A"} -index 0
con
----------------End of Script----------------

14:46:34 INFO  : Launch script is exported to file 'C:\Levi_Dok\Egyetem\Mesteri\I_EV\I_FELEV\BeagyazottRendszerek\SmartWateringSystem_IPintegrated\SmartWateringSystem_IPintegrated.sdk\.sdk\launch_scripts\xilinx_c-c++_application_(system_debugger)\system_debugger_using_debug_smartwateringsystemsoftware.elf_on_local.tcl'
14:47:32 INFO  : Connected to target on host '127.0.0.1' and port '3121'.
14:47:32 INFO  : 'targets -set -filter {jtag_cable_name =~ "Digilent Zybo 210279787621A" && level==0} -index 1' command is executed.
14:47:33 INFO  : FPGA configured successfully with bitstream "C:/Levi_Dok/Egyetem/Mesteri/I_EV/I_FELEV/BeagyazottRendszerek/SmartWateringSystem_IPintegrated/SmartWateringSystem_IPintegrated.sdk/design_1_wrapper_hw_platform_0/design_1_wrapper.bit"
14:48:06 INFO  : Disconnected from the channel tcfchan#4.
14:48:08 INFO  : 'targets -set -filter {jtag_cable_name =~ "Digilent Zybo 210279787621A" && level==0} -index 1' command is executed.
14:48:08 INFO  : 'fpga -state' command is executed.
14:48:08 INFO  : Connected to target on host '127.0.0.1' and port '3121'.
14:48:08 INFO  : Jtag cable 'Digilent Zybo 210279787621A' is selected.
14:48:08 INFO  : 'jtag frequency' command is executed.
14:48:08 INFO  : Sourcing of 'C:/Levi_Dok/Egyetem/Mesteri/I_EV/I_FELEV/BeagyazottRendszerek/SmartWateringSystem_IPintegrated/SmartWateringSystem_IPintegrated.sdk/design_1_wrapper_hw_platform_0/ps7_init.tcl' is done.
14:48:08 INFO  : Context for 'APU' is selected.
14:48:10 INFO  : Hardware design information is loaded from 'C:/Levi_Dok/Egyetem/Mesteri/I_EV/I_FELEV/BeagyazottRendszerek/SmartWateringSystem_IPintegrated/SmartWateringSystem_IPintegrated.sdk/design_1_wrapper_hw_platform_0/system.hdf'.
14:48:10 INFO  : 'configparams force-mem-access 1' command is executed.
14:48:10 INFO  : Context for 'APU' is selected.
14:48:10 INFO  : 'stop' command is executed.
14:48:11 INFO  : 'ps7_init' command is executed.
14:48:11 INFO  : 'ps7_post_config' command is executed.
14:48:11 INFO  : Context for processor 'ps7_cortexa9_0' is selected.
14:48:11 INFO  : Processor reset is completed for 'ps7_cortexa9_0'.
14:48:11 INFO  : Context for processor 'ps7_cortexa9_0' is selected.
14:48:11 INFO  : The application 'C:/Levi_Dok/Egyetem/Mesteri/I_EV/I_FELEV/BeagyazottRendszerek/SmartWateringSystem_IPintegrated/SmartWateringSystem_IPintegrated.sdk/SmartWateringSystemSoftware/Debug/SmartWateringSystemSoftware.elf' is downloaded to processor 'ps7_cortexa9_0'.
14:48:11 INFO  : 'configparams force-mem-access 0' command is executed.
14:48:11 INFO  : ----------------XSDB Script----------------
connect -url tcp:127.0.0.1:3121
source C:/Levi_Dok/Egyetem/Mesteri/I_EV/I_FELEV/BeagyazottRendszerek/SmartWateringSystem_IPintegrated/SmartWateringSystem_IPintegrated.sdk/design_1_wrapper_hw_platform_0/ps7_init.tcl
targets -set -nocase -filter {name =~"APU*" && jtag_cable_name =~ "Digilent Zybo 210279787621A"} -index 0
loadhw -hw C:/Levi_Dok/Egyetem/Mesteri/I_EV/I_FELEV/BeagyazottRendszerek/SmartWateringSystem_IPintegrated/SmartWateringSystem_IPintegrated.sdk/design_1_wrapper_hw_platform_0/system.hdf -mem-ranges [list {0x40000000 0xbfffffff}]
configparams force-mem-access 1
targets -set -nocase -filter {name =~"APU*" && jtag_cable_name =~ "Digilent Zybo 210279787621A"} -index 0
stop
ps7_init
ps7_post_config
targets -set -nocase -filter {name =~ "ARM*#0" && jtag_cable_name =~ "Digilent Zybo 210279787621A"} -index 0
rst -processor
targets -set -nocase -filter {name =~ "ARM*#0" && jtag_cable_name =~ "Digilent Zybo 210279787621A"} -index 0
dow C:/Levi_Dok/Egyetem/Mesteri/I_EV/I_FELEV/BeagyazottRendszerek/SmartWateringSystem_IPintegrated/SmartWateringSystem_IPintegrated.sdk/SmartWateringSystemSoftware/Debug/SmartWateringSystemSoftware.elf
configparams force-mem-access 0
----------------End of Script----------------

14:48:11 INFO  : Memory regions updated for context APU
14:48:11 INFO  : Context for processor 'ps7_cortexa9_0' is selected.
14:48:11 INFO  : 'con' command is executed.
14:48:11 INFO  : ----------------XSDB Script (After Launch)----------------
targets -set -nocase -filter {name =~ "ARM*#0" && jtag_cable_name =~ "Digilent Zybo 210279787621A"} -index 0
con
----------------End of Script----------------

14:48:11 INFO  : Launch script is exported to file 'C:\Levi_Dok\Egyetem\Mesteri\I_EV\I_FELEV\BeagyazottRendszerek\SmartWateringSystem_IPintegrated\SmartWateringSystem_IPintegrated.sdk\.sdk\launch_scripts\xilinx_c-c++_application_(system_debugger)\system_debugger_using_debug_smartwateringsystemsoftware.elf_on_local.tcl'
14:59:42 INFO  : Connected to target on host '127.0.0.1' and port '3121'.
14:59:47 INFO  : Connected to target on host '127.0.0.1' and port '3121'.
14:59:47 INFO  : 'targets -set -filter {jtag_cable_name =~ "Digilent Zybo 210279787621A" && level==0} -index 1' command is executed.
14:59:48 INFO  : FPGA configured successfully with bitstream "C:/Levi_Dok/Egyetem/Mesteri/I_EV/I_FELEV/BeagyazottRendszerek/SmartWateringSystem_IPintegrated/SmartWateringSystem_IPintegrated.sdk/design_1_wrapper_hw_platform_0/design_1_wrapper.bit"
15:01:21 INFO  : Disconnected from the channel tcfchan#5.
15:01:22 INFO  : 'targets -set -filter {jtag_cable_name =~ "Digilent Zybo 210279787621A" && level==0} -index 1' command is executed.
15:01:22 INFO  : 'fpga -state' command is executed.
15:01:22 INFO  : Connected to target on host '127.0.0.1' and port '3121'.
15:01:22 INFO  : Jtag cable 'Digilent Zybo 210279787621A' is selected.
15:01:22 INFO  : 'jtag frequency' command is executed.
15:01:22 INFO  : Sourcing of 'C:/Levi_Dok/Egyetem/Mesteri/I_EV/I_FELEV/BeagyazottRendszerek/SmartWateringSystem_IPintegrated/SmartWateringSystem_IPintegrated.sdk/design_1_wrapper_hw_platform_0/ps7_init.tcl' is done.
15:01:23 INFO  : Context for 'APU' is selected.
15:01:25 INFO  : Hardware design information is loaded from 'C:/Levi_Dok/Egyetem/Mesteri/I_EV/I_FELEV/BeagyazottRendszerek/SmartWateringSystem_IPintegrated/SmartWateringSystem_IPintegrated.sdk/design_1_wrapper_hw_platform_0/system.hdf'.
15:01:25 INFO  : 'configparams force-mem-access 1' command is executed.
15:01:25 INFO  : Context for 'APU' is selected.
15:01:25 INFO  : 'stop' command is executed.
15:01:26 INFO  : 'ps7_init' command is executed.
15:01:26 INFO  : 'ps7_post_config' command is executed.
15:01:26 INFO  : Context for processor 'ps7_cortexa9_0' is selected.
15:01:26 INFO  : Processor reset is completed for 'ps7_cortexa9_0'.
15:01:26 INFO  : Context for processor 'ps7_cortexa9_0' is selected.
15:01:26 INFO  : The application 'C:/Levi_Dok/Egyetem/Mesteri/I_EV/I_FELEV/BeagyazottRendszerek/SmartWateringSystem_IPintegrated/SmartWateringSystem_IPintegrated.sdk/SmartWateringSystemSoftware/Debug/SmartWateringSystemSoftware.elf' is downloaded to processor 'ps7_cortexa9_0'.
15:01:26 INFO  : 'configparams force-mem-access 0' command is executed.
15:01:26 INFO  : ----------------XSDB Script----------------
connect -url tcp:127.0.0.1:3121
source C:/Levi_Dok/Egyetem/Mesteri/I_EV/I_FELEV/BeagyazottRendszerek/SmartWateringSystem_IPintegrated/SmartWateringSystem_IPintegrated.sdk/design_1_wrapper_hw_platform_0/ps7_init.tcl
targets -set -nocase -filter {name =~"APU*" && jtag_cable_name =~ "Digilent Zybo 210279787621A"} -index 0
loadhw -hw C:/Levi_Dok/Egyetem/Mesteri/I_EV/I_FELEV/BeagyazottRendszerek/SmartWateringSystem_IPintegrated/SmartWateringSystem_IPintegrated.sdk/design_1_wrapper_hw_platform_0/system.hdf -mem-ranges [list {0x40000000 0xbfffffff}]
configparams force-mem-access 1
targets -set -nocase -filter {name =~"APU*" && jtag_cable_name =~ "Digilent Zybo 210279787621A"} -index 0
stop
ps7_init
ps7_post_config
targets -set -nocase -filter {name =~ "ARM*#0" && jtag_cable_name =~ "Digilent Zybo 210279787621A"} -index 0
rst -processor
targets -set -nocase -filter {name =~ "ARM*#0" && jtag_cable_name =~ "Digilent Zybo 210279787621A"} -index 0
dow C:/Levi_Dok/Egyetem/Mesteri/I_EV/I_FELEV/BeagyazottRendszerek/SmartWateringSystem_IPintegrated/SmartWateringSystem_IPintegrated.sdk/SmartWateringSystemSoftware/Debug/SmartWateringSystemSoftware.elf
configparams force-mem-access 0
----------------End of Script----------------

15:01:26 INFO  : Memory regions updated for context APU
15:01:26 INFO  : Context for processor 'ps7_cortexa9_0' is selected.
15:01:27 INFO  : 'con' command is executed.
15:01:27 INFO  : ----------------XSDB Script (After Launch)----------------
targets -set -nocase -filter {name =~ "ARM*#0" && jtag_cable_name =~ "Digilent Zybo 210279787621A"} -index 0
con
----------------End of Script----------------

15:01:27 INFO  : Launch script is exported to file 'C:\Levi_Dok\Egyetem\Mesteri\I_EV\I_FELEV\BeagyazottRendszerek\SmartWateringSystem_IPintegrated\SmartWateringSystem_IPintegrated.sdk\.sdk\launch_scripts\xilinx_c-c++_application_(system_debugger)\system_debugger_using_debug_smartwateringsystemsoftware.elf_on_local.tcl'
15:52:55 ERROR : (XSDB Server)couldn't open "design_1_wrapper.bit": no such file or directory

15:55:00 ERROR : (XSDB Server)couldn't change working directory to "C:Levi_DokEgyetemMesteriI_EVI_FELEVBeagyazottRendszerekSmartWateringSystem_IPintegratedSmartWateringSystem_IPintegrated.sdkdesign_1_wrapper_hw_platform_0": no such file or directory

15:55:17 ERROR : (XSDB Server)invalid command name "C:Levi_DokEgyetemMesteriI_EVI_FELEVBeagyazottRendszerek"

15:55:56 ERROR : (XSDB Server)wrong # args: should be "fpga ?options?"

15:57:16 ERROR : (XSDB Server)couldn't open "C:Levi_DokEgyetemMesteriI_EVI_FELEVBeagyazottRendszerekSmartWateringSystem_IPintegratedSmartWateringSystem_IPintegrated.sdkdesign_1_wrapper_hw_platform_0design_1_wrapper.bit": no such file or directory

15:58:04 ERROR : (XSDB Server)invalid command name "clc"

16:03:21 ERROR : (XSDB Server)no register match: 0x43C00000

16:04:30 ERROR : (XSDB Server)invalid command name "-switch"

16:20:16 INFO  : Disconnected from the channel tcfchan#6.
19:26:47 INFO  : Registering command handlers for SDK TCF services
19:26:47 INFO  : Launching XSCT server: xsct.bat -interactive C:\Levi_Dok\Egyetem\Mesteri\I_EV\I_FELEV\BeagyazottRendszerek\SmartWateringSystem_IPintegrated\SmartWateringSystem_IPintegrated.sdk\temp_xsdb_launch_script.tcl
19:26:56 INFO  : XSCT server has started successfully.
19:26:57 INFO  : Processing command line option -hwspec C:/Levi_Dok/Egyetem/Mesteri/I_EV/I_FELEV/BeagyazottRendszerek/SmartWateringSystem_IPintegrated/SmartWateringSystem_IPintegrated.sdk/design_1_wrapper.hdf.
19:26:57 INFO  : Successfully done setting XSCT server connection channel  
19:26:57 INFO  : Checking for hwspec changes in the project design_1_wrapper_hw_platform_0.
19:27:01 INFO  : Successfully done setting SDK workspace  
19:35:03 INFO  : Connected to target on host '127.0.0.1' and port '3121'.
19:35:05 INFO  : 'targets -set -filter {jtag_cable_name =~ "Digilent Zybo 210279787621A" && level==0} -index 1' command is executed.
19:35:06 INFO  : FPGA configured successfully with bitstream "C:/Levi_Dok/Egyetem/Mesteri/I_EV/I_FELEV/BeagyazottRendszerek/SmartWateringSystem_IPintegrated/SmartWateringSystem_IPintegrated.sdk/design_1_wrapper_hw_platform_0/design_1_wrapper.bit"
19:42:52 INFO  : Registering command handlers for SDK TCF services
19:42:53 INFO  : Launching XSCT server: xsct.bat -interactive C:\Levi_Dok\Egyetem\Mesteri\I_EV\I_FELEV\BeagyazottRendszerek\SmartWateringSystem_IPintegrated\SmartWateringSystem_IPintegrated.sdk\temp_xsdb_launch_script.tcl
19:42:58 INFO  : XSCT server has started successfully.
19:42:59 INFO  : Processing command line option -hwspec C:/Levi_Dok/Egyetem/Mesteri/I_EV/I_FELEV/BeagyazottRendszerek/SmartWateringSystem_IPintegrated/SmartWateringSystem_IPintegrated.sdk/design_1_wrapper.hdf.
19:43:00 INFO  : Checking for hwspec changes in the project design_1_wrapper_hw_platform_0.
19:43:00 INFO  : Successfully done setting XSCT server connection channel  
19:43:03 INFO  : Successfully done setting SDK workspace  
19:43:29 INFO  : Inferring section assignments and sizes from elf file: C:\Levi_Dok\Egyetem\Mesteri\I_EV\I_FELEV\BeagyazottRendszerek\SmartWateringSystem_IPintegrated\SmartWateringSystem_IPintegrated.sdk\SmartWateringSystemSoftware\Debug\SmartWateringSystemSoftware.elf
19:46:06 INFO  : Connected to target on host '127.0.0.1' and port '3121'.
19:46:08 INFO  : 'targets -set -filter {jtag_cable_name =~ "Digilent Zybo 210279787621A" && level==0} -index 1' command is executed.
19:46:09 INFO  : FPGA configured successfully with bitstream "C:/Levi_Dok/Egyetem/Mesteri/I_EV/I_FELEV/BeagyazottRendszerek/SmartWateringSystem_IPintegrated/SmartWateringSystem_IPintegrated.sdk/design_1_wrapper_hw_platform_0/design_1_wrapper.bit"
19:59:40 INFO  : Connected to target on host '127.0.0.1' and port '3121'.
19:59:40 INFO  : 'targets -set -filter {jtag_cable_name =~ "Digilent Zybo 210279787621A" && level==0} -index 1' command is executed.
19:59:41 INFO  : FPGA configured successfully with bitstream "C:/Levi_Dok/Egyetem/Mesteri/I_EV/I_FELEV/BeagyazottRendszerek/SmartWateringSystem_IPintegrated/SmartWateringSystem_IPintegrated.sdk/design_1_wrapper_hw_platform_0/design_1_wrapper.bit"
