Copyright 1986-2017 Xilinx, Inc. All Rights Reserved.
--------------------------------------------------------------------------------------------------------------------------------------------------------------------------------------
| Tool Version : Vivado v.2017.4 (win64) Build 2086221 Fri Dec 15 20:55:39 MST 2017
| Date         : Wed Jan  8 23:57:47 2020
| Host         : DESKTOP-UMFFN48 running 64-bit major release  (build 9200)
| Command      : report_methodology -file design_1_wrapper_methodology_drc_routed.rpt -pb design_1_wrapper_methodology_drc_routed.pb -rpx design_1_wrapper_methodology_drc_routed.rpx
| Design       : design_1_wrapper
| Device       : xc7z010clg400-1
| Speed File   : -1
| Design State : Routed
--------------------------------------------------------------------------------------------------------------------------------------------------------------------------------------

Report Methodology

Table of Contents
-----------------
1. REPORT SUMMARY
2. REPORT DETAILS

1. REPORT SUMMARY
-----------------
            Netlist: netlist
          Floorplan: design_1
      Design limits: <entire design considered>
             Max violations: <unlimited>
             Violations found: 3
+-----------+----------+-------------------+------------+
| Rule      | Severity | Description       | Violations |
+-----------+----------+-------------------+------------+
| TIMING-20 | Warning  | Non-clocked latch | 3          |
+-----------+----------+-------------------+------------+

2. REPORT DETAILS
-----------------
TIMING-20#1 Warning
Non-clocked latch  
The latch design_1_i/WateringSystem_IP_0/U0/WateringSystem_IP_v1_0_S00_AXI_inst/uut/NS_reg[0] cannot be properly analyzed as its control pin design_1_i/WateringSystem_IP_0/U0/WateringSystem_IP_v1_0_S00_AXI_inst/uut/NS_reg[0]/G is not reached by a timing clock
Related violations: <none>

TIMING-20#2 Warning
Non-clocked latch  
The latch design_1_i/WateringSystem_IP_0/U0/WateringSystem_IP_v1_0_S00_AXI_inst/uut/NS_reg[1] cannot be properly analyzed as its control pin design_1_i/WateringSystem_IP_0/U0/WateringSystem_IP_v1_0_S00_AXI_inst/uut/NS_reg[1]/G is not reached by a timing clock
Related violations: <none>

TIMING-20#3 Warning
Non-clocked latch  
The latch design_1_i/WateringSystem_IP_0/U0/WateringSystem_IP_v1_0_S00_AXI_inst/uut/Z_reg cannot be properly analyzed as its control pin design_1_i/WateringSystem_IP_0/U0/WateringSystem_IP_v1_0_S00_AXI_inst/uut/Z_reg/G is not reached by a timing clock
Related violations: <none>


